{"/home/travis/build/npmtest/node-npmtest-arangojs/test.js":{"path":"/home/travis/build/npmtest/node-npmtest-arangojs/test.js","s":{"1":2,"2":2,"3":2,"4":2,"5":2,"6":2,"7":2,"8":1,"9":2,"10":2,"11":1,"12":1,"13":1,"14":1,"15":2,"16":2,"17":2,"18":2,"19":1,"20":1,"21":2,"22":2,"23":2,"24":1,"25":1,"26":1,"27":1,"28":1,"29":1,"30":1,"31":1,"32":1,"33":1,"34":1,"35":1,"36":1,"37":2,"38":2,"39":1,"40":2,"41":2,"42":1,"43":2,"44":2,"45":1,"46":2,"47":2,"48":1,"49":1,"50":1,"51":1,"52":1},"b":{"1":[2,1,1,1],"2":[1,1,1,1],"3":[1,1],"4":[1,1],"5":[1,1],"6":[1,1],"7":[1,1],"8":[1,1],"9":[1,1,1],"10":[1,1],"11":[1,1],"12":[1,1],"13":[1,1],"14":[1,1],"15":[1,1],"16":[1,1]},"f":{"1":2,"2":2,"3":2,"4":2,"5":2,"6":1,"7":1,"8":2,"9":2,"10":2,"11":2,"12":1},"fnMap":{"1":{"name":"(anonymous_1)","line":12,"loc":{"start":{"line":12,"column":1},"end":{"line":12,"column":13}}},"2":{"name":"(anonymous_2)","line":19,"loc":{"start":{"line":19,"column":5},"end":{"line":19,"column":17}}},"3":{"name":"(anonymous_3)","line":23,"loc":{"start":{"line":23,"column":24},"end":{"line":23,"column":36}}},"4":{"name":"(anonymous_4)","line":61,"loc":{"start":{"line":61,"column":5},"end":{"line":61,"column":17}}},"5":{"name":"(anonymous_5)","line":82,"loc":{"start":{"line":82,"column":5},"end":{"line":82,"column":17}}},"6":{"name":"(anonymous_6)","line":102,"loc":{"start":{"line":102,"column":83},"end":{"line":105,"column":10}},"skip":true},"7":{"name":"(anonymous_7)","line":113,"loc":{"start":{"line":113,"column":77},"end":{"line":116,"column":10}},"skip":true},"8":{"name":"(anonymous_8)","line":129,"loc":{"start":{"line":129,"column":12},"end":{"line":129,"column":40}},"skip":true},"9":{"name":"(anonymous_9)","line":137,"loc":{"start":{"line":137,"column":77},"end":{"line":140,"column":10}},"skip":true},"10":{"name":"(anonymous_10)","line":148,"loc":{"start":{"line":148,"column":83},"end":{"line":151,"column":10}},"skip":true},"11":{"name":"(anonymous_11)","line":159,"loc":{"start":{"line":159,"column":79},"end":{"line":162,"column":10}},"skip":true},"12":{"name":"(anonymous_12)","line":170,"loc":{"start":{"line":170,"column":75},"end":{"line":173,"column":10}},"skip":true}},"statementMap":{"1":{"start":{"line":12,"column":0},"end":{"line":185,"column":5}},"2":{"start":{"line":14,"column":4},"end":{"line":14,"column":14}},"3":{"start":{"line":19,"column":4},"end":{"line":56,"column":9}},"4":{"start":{"line":21,"column":8},"end":{"line":21,"column":19}},"5":{"start":{"line":23,"column":8},"end":{"line":35,"column":13}},"6":{"start":{"line":24,"column":12},"end":{"line":34,"column":13}},"7":{"start":{"line":25,"column":16},"end":{"line":28,"column":30}},"8":{"start":{"line":30,"column":16},"end":{"line":33,"column":27}},"9":{"start":{"line":37,"column":8},"end":{"line":39,"column":21}},"10":{"start":{"line":40,"column":8},"end":{"line":53,"column":9}},"11":{"start":{"line":43,"column":12},"end":{"line":46,"column":14}},"12":{"start":{"line":47,"column":12},"end":{"line":47,"column":18}},"13":{"start":{"line":50,"column":12},"end":{"line":51,"column":46}},"14":{"start":{"line":52,"column":12},"end":{"line":52,"column":18}},"15":{"start":{"line":55,"column":8},"end":{"line":55,"column":35}},"16":{"start":{"line":61,"column":4},"end":{"line":63,"column":9}},"17":{"start":{"line":62,"column":8},"end":{"line":62,"column":15}},"18":{"start":{"line":64,"column":4},"end":{"line":77,"column":5}},"19":{"start":{"line":70,"column":8},"end":{"line":70,"column":14}},"20":{"start":{"line":76,"column":8},"end":{"line":76,"column":14}},"21":{"start":{"line":82,"column":4},"end":{"line":84,"column":9}},"22":{"start":{"line":83,"column":8},"end":{"line":83,"column":15}},"23":{"start":{"line":85,"column":4},"end":{"line":184,"column":5}},"24":{"start":{"line":92,"column":8},"end":{"line":94,"column":63}},"25":{"start":{"line":95,"column":8},"end":{"line":95,"column":14}},"26":{"start":{"line":102,"column":8},"end":{"line":111,"column":10},"skip":true},"27":{"start":{"line":109,"column":12},"end":{"line":109,"column":55},"skip":true},"28":{"start":{"line":110,"column":12},"end":{"line":110,"column":48},"skip":true},"29":{"start":{"line":113,"column":8},"end":{"line":126,"column":10},"skip":true},"30":{"start":{"line":120,"column":12},"end":{"line":120,"column":76},"skip":true},"31":{"start":{"line":121,"column":12},"end":{"line":121,"column":73},"skip":true},"32":{"start":{"line":122,"column":12},"end":{"line":122,"column":74},"skip":true},"33":{"start":{"line":123,"column":12},"end":{"line":123,"column":79},"skip":true},"34":{"start":{"line":124,"column":12},"end":{"line":124,"column":25},"skip":true},"35":{"start":{"line":125,"column":12},"end":{"line":125,"column":45},"skip":true},"36":{"start":{"line":128,"column":8},"end":{"line":135,"column":14},"skip":true},"37":{"start":{"line":133,"column":16},"end":{"line":133,"column":29},"skip":true},"38":{"start":{"line":134,"column":16},"end":{"line":134,"column":55},"skip":true},"39":{"start":{"line":137,"column":8},"end":{"line":146,"column":10},"skip":true},"40":{"start":{"line":144,"column":12},"end":{"line":144,"column":25},"skip":true},"41":{"start":{"line":145,"column":12},"end":{"line":145,"column":45},"skip":true},"42":{"start":{"line":148,"column":8},"end":{"line":157,"column":10},"skip":true},"43":{"start":{"line":155,"column":12},"end":{"line":155,"column":25},"skip":true},"44":{"start":{"line":156,"column":12},"end":{"line":156,"column":48},"skip":true},"45":{"start":{"line":159,"column":8},"end":{"line":168,"column":10},"skip":true},"46":{"start":{"line":166,"column":12},"end":{"line":166,"column":25},"skip":true},"47":{"start":{"line":167,"column":12},"end":{"line":167,"column":46},"skip":true},"48":{"start":{"line":170,"column":8},"end":{"line":179,"column":10},"skip":true},"49":{"start":{"line":177,"column":12},"end":{"line":177,"column":94},"skip":true},"50":{"start":{"line":178,"column":12},"end":{"line":178,"column":48},"skip":true},"51":{"start":{"line":182,"column":8},"end":{"line":182,"column":35},"skip":true},"52":{"start":{"line":183,"column":8},"end":{"line":183,"column":14},"skip":true}},"branchMap":{"1":{"line":25,"type":"binary-expr","locations":[{"start":{"line":25,"column":23},"end":{"line":25,"column":62}},{"start":{"line":26,"column":20},"end":{"line":26,"column":70}},{"start":{"line":27,"column":20},"end":{"line":27,"column":71}},{"start":{"line":28,"column":20},"end":{"line":28,"column":29}}]},"2":{"line":30,"type":"binary-expr","locations":[{"start":{"line":30,"column":23},"end":{"line":30,"column":37}},{"start":{"line":31,"column":20},"end":{"line":31,"column":61}},{"start":{"line":32,"column":20},"end":{"line":32,"column":70}},{"start":{"line":33,"column":20},"end":{"line":33,"column":26}}]},"3":{"line":37,"type":"cond-expr","locations":[{"start":{"line":38,"column":14},"end":{"line":38,"column":20}},{"start":{"line":39,"column":14},"end":{"line":39,"column":20}}]},"4":{"line":40,"type":"switch","locations":[{"start":{"line":42,"column":8},"end":{"line":47,"column":18}},{"start":{"line":49,"column":8},"end":{"line":52,"column":18}}]},"5":{"line":44,"type":"binary-expr","locations":[{"start":{"line":44,"column":16},"end":{"line":44,"column":44}},{"start":{"line":44,"column":48},"end":{"line":44,"column":66}}]},"6":{"line":50,"type":"binary-expr","locations":[{"start":{"line":50,"column":21},"end":{"line":50,"column":49}},{"start":{"line":50,"column":53},"end":{"line":50,"column":72}}]},"7":{"line":64,"type":"switch","locations":[{"start":{"line":69,"column":4},"end":{"line":70,"column":14}},{"start":{"line":75,"column":4},"end":{"line":76,"column":14}}]},"8":{"line":85,"type":"switch","locations":[{"start":{"line":90,"column":4},"end":{"line":95,"column":14}},{"start":{"line":101,"column":4},"end":{"line":183,"column":14},"skip":true}]},"9":{"line":92,"type":"binary-expr","locations":[{"start":{"line":92,"column":18},"end":{"line":92,"column":32}},{"start":{"line":93,"column":12},"end":{"line":93,"column":53}},{"start":{"line":94,"column":12},"end":{"line":94,"column":61}}]},"10":{"line":102,"type":"binary-expr","locations":[{"start":{"line":102,"column":45},"end":{"line":102,"column":79},"skip":true},{"start":{"line":102,"column":83},"end":{"line":111,"column":9},"skip":true}]},"11":{"line":113,"type":"binary-expr","locations":[{"start":{"line":113,"column":42},"end":{"line":113,"column":73},"skip":true},{"start":{"line":113,"column":77},"end":{"line":126,"column":9},"skip":true}]},"12":{"line":128,"type":"binary-expr","locations":[{"start":{"line":128,"column":48},"end":{"line":128,"column":85},"skip":true},{"start":{"line":129,"column":12},"end":{"line":135,"column":13},"skip":true}]},"13":{"line":137,"type":"binary-expr","locations":[{"start":{"line":137,"column":42},"end":{"line":137,"column":73},"skip":true},{"start":{"line":137,"column":77},"end":{"line":146,"column":9},"skip":true}]},"14":{"line":148,"type":"binary-expr","locations":[{"start":{"line":148,"column":45},"end":{"line":148,"column":79},"skip":true},{"start":{"line":148,"column":83},"end":{"line":157,"column":9},"skip":true}]},"15":{"line":159,"type":"binary-expr","locations":[{"start":{"line":159,"column":43},"end":{"line":159,"column":75},"skip":true},{"start":{"line":159,"column":79},"end":{"line":168,"column":9},"skip":true}]},"16":{"line":170,"type":"binary-expr","locations":[{"start":{"line":170,"column":41},"end":{"line":170,"column":71},"skip":true},{"start":{"line":170,"column":75},"end":{"line":179,"column":9},"skip":true}]}},"code":["/* istanbul instrument in package npmtest_arangojs */","/*jslint","    bitwise: true,","    browser: true,","    maxerr: 8,","    maxlen: 96,","    node: true,","    nomen: true,","    regexp: true,","    stupid: true","*/","(function () {","    'use strict';","    var local;","","","","    // run shared js-env code - pre-init","    (function () {","        // init local","        local = {};","        // init modeJs","        local.modeJs = (function () {","            try {","                return typeof navigator.userAgent === 'string' &&","                    typeof document.querySelector('body') === 'object' &&","                    typeof XMLHttpRequest.prototype.open === 'function' &&","                    'browser';","            } catch (errorCaughtBrowser) {","                return module.exports &&","                    typeof process.versions.node === 'string' &&","                    typeof require('http').createServer === 'function' &&","                    'node';","            }","        }());","        // init global","        local.global = local.modeJs === 'browser'","            ? window","            : global;","        switch (local.modeJs) {","        // re-init local from window.local","        case 'browser':","            local = local.global.utility2.objectSetDefault(","                local.global.utility2_rollup || local.global.local,","                local.global.utility2","            );","            break;","        // re-init local from example.js","        case 'node':","            local = (local.global.utility2_rollup || require('utility2'))","                .requireExampleJsFromReadme();","            break;","        }","        // export local","        local.global.local = local;","    }());","","","","    // run shared js-env code - function","    (function () {","        return;","    }());","    switch (local.modeJs) {","","","","    // run browser js-env code - function","    case 'browser':","        break;","","","","    // run node js-env code - function","    case 'node':","        break;","    }","","","","    // run shared js-env code - post-init","    (function () {","        return;","    }());","    switch (local.modeJs) {","","","","    // run browser js-env code - post-init","    case 'browser':","        // run tests","        local.nop(local.modeTest &&","            document.querySelector('#testRunButton1') &&","            document.querySelector('#testRunButton1').click());","        break;","","","","    // run node js-env code - post-init","    /* istanbul ignore next */","    case 'node':","        local.testCase_buildApidoc_default = local.testCase_buildApidoc_default || function (","            options,","            onError","        ) {","        /*","         * this function will test buildApidoc's default handling-behavior-behavior","         */","            options = { modulePathList: module.paths };","            local.buildApidoc(options, onError);","        };","","        local.testCase_buildApp_default = local.testCase_buildApp_default || function (","            options,","            onError","        ) {","        /*","         * this function will test buildApp's default handling-behavior-behavior","         */","            local.testCase_buildReadme_default(options, local.onErrorThrow);","            local.testCase_buildLib_default(options, local.onErrorThrow);","            local.testCase_buildTest_default(options, local.onErrorThrow);","            local.testCase_buildCustomOrg_default(options, local.onErrorThrow);","            options = [];","            local.buildApp(options, onError);","        };","","        local.testCase_buildCustomOrg_default = local.testCase_buildCustomOrg_default ||","            function (options, onError) {","            /*","             * this function will test buildCustomOrg's default handling-behavior","             */","                options = {};","                local.buildCustomOrg(options, onError);","            };","","        local.testCase_buildLib_default = local.testCase_buildLib_default || function (","            options,","            onError","        ) {","        /*","         * this function will test buildLib's default handling-behavior","         */","            options = {};","            local.buildLib(options, onError);","        };","","        local.testCase_buildReadme_default = local.testCase_buildReadme_default || function (","            options,","            onError","        ) {","        /*","         * this function will test buildReadme's default handling-behavior-behavior","         */","            options = {};","            local.buildReadme(options, onError);","        };","","        local.testCase_buildTest_default = local.testCase_buildTest_default || function (","            options,","            onError","        ) {","        /*","         * this function will test buildTest's default handling-behavior","         */","            options = {};","            local.buildTest(options, onError);","        };","","        local.testCase_webpage_default = local.testCase_webpage_default || function (","            options,","            onError","        ) {","        /*","         * this function will test webpage's default handling-behavior","         */","            options = { modeCoverageMerge: true, url: local.serverLocalHost + '?modeTest=1' };","            local.browserTest(options, onError);","        };","","        // run test-server","        local.testRunServer(local);","        break;","    }","}());",""],"l":{"12":2,"14":2,"19":2,"21":2,"23":2,"24":2,"25":2,"30":1,"37":2,"40":2,"43":1,"47":1,"50":1,"52":1,"55":2,"61":2,"62":2,"64":2,"70":1,"76":1,"82":2,"83":2,"85":2,"92":1,"95":1,"102":1,"109":1,"110":1,"113":1,"120":1,"121":1,"122":1,"123":1,"124":1,"125":1,"128":1,"133":2,"134":2,"137":1,"144":2,"145":2,"148":1,"155":2,"156":2,"159":1,"166":2,"167":2,"170":1,"177":1,"178":1,"182":1,"183":1}},"/home/travis/build/npmtest/node-npmtest-arangojs/lib.npmtest_arangojs.js":{"path":"/home/travis/build/npmtest/node-npmtest-arangojs/lib.npmtest_arangojs.js","s":{"1":2,"2":2,"3":2,"4":2,"5":2,"6":2,"7":2,"8":1,"9":2,"10":2,"11":2,"12":2,"13":1,"14":1,"15":1,"16":1},"b":{"1":[2,1,1,1],"2":[1,1,1,1],"3":[1,1],"4":[2,2],"5":[1,1]},"f":{"1":2,"2":2,"3":2},"fnMap":{"1":{"name":"(anonymous_1)","line":12,"loc":{"start":{"line":12,"column":1},"end":{"line":12,"column":13}}},"2":{"name":"(anonymous_2)","line":19,"loc":{"start":{"line":19,"column":5},"end":{"line":19,"column":17}}},"3":{"name":"(anonymous_3)","line":23,"loc":{"start":{"line":23,"column":24},"end":{"line":23,"column":36}}}},"statementMap":{"1":{"start":{"line":12,"column":0},"end":{"line":53,"column":5}},"2":{"start":{"line":14,"column":4},"end":{"line":14,"column":14}},"3":{"start":{"line":19,"column":4},"end":{"line":52,"column":9}},"4":{"start":{"line":21,"column":8},"end":{"line":21,"column":19}},"5":{"start":{"line":23,"column":8},"end":{"line":35,"column":13}},"6":{"start":{"line":24,"column":12},"end":{"line":34,"column":13}},"7":{"start":{"line":25,"column":16},"end":{"line":28,"column":30}},"8":{"start":{"line":30,"column":16},"end":{"line":33,"column":27}},"9":{"start":{"line":37,"column":8},"end":{"line":39,"column":21}},"10":{"start":{"line":41,"column":8},"end":{"line":41,"column":54}},"11":{"start":{"line":43,"column":8},"end":{"line":43,"column":53}},"12":{"start":{"line":45,"column":8},"end":{"line":51,"column":9}},"13":{"start":{"line":46,"column":12},"end":{"line":46,"column":59}},"14":{"start":{"line":48,"column":12},"end":{"line":48,"column":35}},"15":{"start":{"line":49,"column":12},"end":{"line":49,"column":49}},"16":{"start":{"line":50,"column":12},"end":{"line":50,"column":43}}},"branchMap":{"1":{"line":25,"type":"binary-expr","locations":[{"start":{"line":25,"column":23},"end":{"line":25,"column":62}},{"start":{"line":26,"column":20},"end":{"line":26,"column":70}},{"start":{"line":27,"column":20},"end":{"line":27,"column":71}},{"start":{"line":28,"column":20},"end":{"line":28,"column":29}}]},"2":{"line":30,"type":"binary-expr","locations":[{"start":{"line":30,"column":23},"end":{"line":30,"column":37}},{"start":{"line":31,"column":20},"end":{"line":31,"column":61}},{"start":{"line":32,"column":20},"end":{"line":32,"column":70}},{"start":{"line":33,"column":20},"end":{"line":33,"column":26}}]},"3":{"line":37,"type":"cond-expr","locations":[{"start":{"line":38,"column":14},"end":{"line":38,"column":20}},{"start":{"line":39,"column":14},"end":{"line":39,"column":20}}]},"4":{"line":41,"type":"binary-expr","locations":[{"start":{"line":41,"column":16},"end":{"line":41,"column":44}},{"start":{"line":41,"column":48},"end":{"line":41,"column":53}}]},"5":{"line":45,"type":"if","locations":[{"start":{"line":45,"column":8},"end":{"line":45,"column":8}},{"start":{"line":45,"column":8},"end":{"line":45,"column":8}}]}},"code":["/* istanbul instrument in package npmtest_arangojs */","/*jslint","    bitwise: true,","    browser: true,","    maxerr: 8,","    maxlen: 96,","    node: true,","    nomen: true,","    regexp: true,","    stupid: true","*/","(function () {","    'use strict';","    var local;","","","","    // run shared js-env code - pre-init","    (function () {","        // init local","        local = {};","        // init modeJs","        local.modeJs = (function () {","            try {","                return typeof navigator.userAgent === 'string' &&","                    typeof document.querySelector('body') === 'object' &&","                    typeof XMLHttpRequest.prototype.open === 'function' &&","                    'browser';","            } catch (errorCaughtBrowser) {","                return module.exports &&","                    typeof process.versions.node === 'string' &&","                    typeof require('http').createServer === 'function' &&","                    'node';","            }","        }());","        // init global","        local.global = local.modeJs === 'browser'","            ? window","            : global;","        // init utility2_rollup","        local = local.global.utility2_rollup || local;","        // init lib","        local.local = local.npmtest_arangojs = local;","        // init exports","        if (local.modeJs === 'browser') {","            local.global.utility2_npmtest_arangojs = local;","        } else {","            module.exports = local;","            module.exports.__dirname = __dirname;","            module.exports.module = module;","        }","    }());","}());",""],"l":{"12":2,"14":2,"19":2,"21":2,"23":2,"24":2,"25":2,"30":1,"37":2,"41":2,"43":2,"45":2,"46":1,"48":1,"49":1,"50":1}},"/home/travis/build/npmtest/node-npmtest-arangojs/example.js":{"path":"/home/travis/build/npmtest/node-npmtest-arangojs/example.js","s":{"1":2,"2":2,"3":2,"4":2,"5":2,"6":2,"7":2,"8":1,"9":2,"10":2,"11":2,"12":2,"13":1,"14":2,"15":2,"16":2,"17":2,"18":2,"19":0,"20":2,"21":1,"22":1,"23":1,"24":1,"25":1,"26":0,"27":0,"28":1,"29":1,"30":2,"31":0,"32":0,"33":0,"34":1,"35":2,"36":2,"37":2,"38":2,"39":2,"40":2,"41":0,"42":2,"43":2,"44":2,"45":1,"46":3,"47":1,"48":1,"49":1,"50":1,"51":1,"52":1,"53":1,"54":1,"55":1,"56":1,"57":0,"58":1,"59":6,"60":6,"61":1,"62":2,"63":0,"64":2,"65":1,"66":1,"67":0,"68":0,"69":0,"70":0,"71":0,"72":0,"73":0,"74":0,"75":0,"76":0,"77":0,"78":0,"79":0,"80":0,"81":0,"82":0,"83":0},"b":{"1":[2,1,1,1],"2":[1,1,1,1],"3":[1,1],"4":[2,2],"5":[1,1],"6":[1,1],"7":[2,0],"8":[2,1,1,1,1,1],"9":[0,2,0],"10":[1,1],"11":[2,1,1],"12":[1,0],"13":[0,2],"14":[2,0,0,0,0,0,0],"15":[0,2],"16":[2,0],"17":[1,1],"18":[0,1],"19":[1,2,0,2],"20":[1,0],"21":[1,1],"22":[0,0],"23":[0,0],"24":[0,0],"25":[0,0],"26":[0,0],"27":[0,0],"28":[0,0]},"f":{"1":2,"2":2,"3":2,"4":2,"5":2,"6":2,"7":2,"8":2,"9":3,"10":1,"11":6,"12":0},"fnMap":{"1":{"name":"(anonymous_1)","line":26,"loc":{"start":{"line":26,"column":1},"end":{"line":26,"column":13}}},"2":{"name":"(anonymous_2)","line":33,"loc":{"start":{"line":33,"column":5},"end":{"line":33,"column":17}}},"3":{"name":"(anonymous_3)","line":37,"loc":{"start":{"line":37,"column":24},"end":{"line":37,"column":36}}},"4":{"name":"(anonymous_4)","line":69,"loc":{"start":{"line":69,"column":31},"end":{"line":69,"column":48}},"skip":true},"5":{"name":"(anonymous_5)","line":78,"loc":{"start":{"line":78,"column":26},"end":{"line":78,"column":45}},"skip":true},"6":{"name":"(anonymous_6)","line":123,"loc":{"start":{"line":123,"column":33},"end":{"line":123,"column":48}},"skip":true},"7":{"name":"(anonymous_7)","line":125,"loc":{"start":{"line":125,"column":27},"end":{"line":125,"column":39}},"skip":true},"8":{"name":"(anonymous_8)","line":133,"loc":{"start":{"line":133,"column":59},"end":{"line":133,"column":74}},"skip":true},"9":{"name":"(anonymous_9)","line":143,"loc":{"start":{"line":143,"column":45},"end":{"line":143,"column":62}},"skip":true},"10":{"name":"(anonymous_10)","line":144,"loc":{"start":{"line":144,"column":73},"end":{"line":144,"column":92}},"skip":true},"11":{"name":"(anonymous_11)","line":272,"loc":{"start":{"line":272,"column":51},"end":{"line":272,"column":77}},"skip":true},"12":{"name":"(anonymous_12)","line":314,"loc":{"start":{"line":314,"column":32},"end":{"line":314,"column":61}},"skip":true}},"statementMap":{"1":{"start":{"line":26,"column":0},"end":{"line":325,"column":5}},"2":{"start":{"line":28,"column":4},"end":{"line":28,"column":14}},"3":{"start":{"line":33,"column":4},"end":{"line":60,"column":9}},"4":{"start":{"line":35,"column":8},"end":{"line":35,"column":19}},"5":{"start":{"line":37,"column":8},"end":{"line":49,"column":13}},"6":{"start":{"line":38,"column":12},"end":{"line":48,"column":13}},"7":{"start":{"line":39,"column":16},"end":{"line":42,"column":30}},"8":{"start":{"line":44,"column":16},"end":{"line":47,"column":27}},"9":{"start":{"line":51,"column":8},"end":{"line":53,"column":21}},"10":{"start":{"line":55,"column":8},"end":{"line":57,"column":45}},"11":{"start":{"line":59,"column":8},"end":{"line":59,"column":35}},"12":{"start":{"line":61,"column":4},"end":{"line":324,"column":5}},"13":{"start":{"line":69,"column":8},"end":{"line":121,"column":10},"skip":true},"14":{"start":{"line":70,"column":12},"end":{"line":88,"column":13},"skip":true},"15":{"start":{"line":76,"column":16},"end":{"line":87,"column":19},"skip":true},"16":{"start":{"line":79,"column":20},"end":{"line":86,"column":21},"skip":true},"17":{"start":{"line":82,"column":24},"end":{"line":82,"column":43},"skip":true},"18":{"start":{"line":83,"column":24},"end":{"line":83,"column":30},"skip":true},"19":{"start":{"line":85,"column":24},"end":{"line":85,"column":49},"skip":true},"20":{"start":{"line":89,"column":12},"end":{"line":107,"column":13},"skip":true},"21":{"start":{"line":92,"column":16},"end":{"line":102,"column":17},"skip":true},"22":{"start":{"line":93,"column":20},"end":{"line":93,"column":86},"skip":true},"23":{"start":{"line":94,"column":20},"end":{"line":95,"column":45},"skip":true},"24":{"start":{"line":96,"column":20},"end":{"line":96,"column":42},"skip":true},"25":{"start":{"line":97,"column":20},"end":{"line":97,"column":48},"skip":true},"26":{"start":{"line":100,"column":20},"end":{"line":100,"column":85},"skip":true},"27":{"start":{"line":101,"column":20},"end":{"line":101,"column":96},"skip":true},"28":{"start":{"line":103,"column":16},"end":{"line":103,"column":22},"skip":true},"29":{"start":{"line":106,"column":16},"end":{"line":106,"column":22},"skip":true},"30":{"start":{"line":108,"column":12},"end":{"line":120,"column":13},"skip":true},"31":{"start":{"line":114,"column":16},"end":{"line":119,"column":17},"skip":true},"32":{"start":{"line":116,"column":20},"end":{"line":116,"column":78},"skip":true},"33":{"start":{"line":118,"column":20},"end":{"line":118,"column":47},"skip":true},"34":{"start":{"line":123,"column":8},"end":{"line":141,"column":11},"skip":true},"35":{"start":{"line":124,"column":12},"end":{"line":124,"column":54},"skip":true},"36":{"start":{"line":125,"column":12},"end":{"line":140,"column":14},"skip":true},"37":{"start":{"line":126,"column":16},"end":{"line":126,"column":28},"skip":true},"38":{"start":{"line":127,"column":16},"end":{"line":127,"column":69},"skip":true},"39":{"start":{"line":128,"column":16},"end":{"line":128,"column":75},"skip":true},"40":{"start":{"line":129,"column":16},"end":{"line":131,"column":17},"skip":true},"41":{"start":{"line":130,"column":20},"end":{"line":130,"column":27},"skip":true},"42":{"start":{"line":133,"column":16},"end":{"line":137,"column":36},"skip":true},"43":{"start":{"line":134,"column":20},"end":{"line":136,"column":55},"skip":true},"44":{"start":{"line":139,"column":16},"end":{"line":139,"column":57},"skip":true},"45":{"start":{"line":143,"column":8},"end":{"line":147,"column":11},"skip":true},"46":{"start":{"line":144,"column":12},"end":{"line":146,"column":15},"skip":true},"47":{"start":{"line":145,"column":16},"end":{"line":145,"column":70},"skip":true},"48":{"start":{"line":149,"column":8},"end":{"line":149,"column":31},"skip":true},"49":{"start":{"line":150,"column":8},"end":{"line":150,"column":14},"skip":true},"50":{"start":{"line":158,"column":8},"end":{"line":158,"column":31},"skip":true},"51":{"start":{"line":160,"column":8},"end":{"line":160,"column":33},"skip":true},"52":{"start":{"line":161,"column":8},"end":{"line":161,"column":37},"skip":true},"53":{"start":{"line":162,"column":8},"end":{"line":162,"column":35},"skip":true},"54":{"start":{"line":164,"column":8},"end":{"line":164,"column":50},"skip":true},"55":{"start":{"line":166,"column":8},"end":{"line":256,"column":2},"skip":true},"56":{"start":{"line":258,"column":8},"end":{"line":286,"column":9},"skip":true},"57":{"start":{"line":259,"column":12},"end":{"line":269,"column":14},"skip":true},"58":{"start":{"line":271,"column":12},"end":{"line":285,"column":19},"skip":true},"59":{"start":{"line":274,"column":20},"end":{"line":274,"column":35},"skip":true},"60":{"start":{"line":275,"column":20},"end":{"line":284,"column":21},"skip":true},"61":{"start":{"line":277,"column":24},"end":{"line":277,"column":64},"skip":true},"62":{"start":{"line":279,"column":24},"end":{"line":279,"column":40},"skip":true},"63":{"start":{"line":281,"column":24},"end":{"line":281,"column":40},"skip":true},"64":{"start":{"line":283,"column":24},"end":{"line":283,"column":39},"skip":true},"65":{"start":{"line":288,"column":8},"end":{"line":290,"column":9},"skip":true},"66":{"start":{"line":289,"column":12},"end":{"line":289,"column":18},"skip":true},"67":{"start":{"line":291,"column":8},"end":{"line":293,"column":54},"skip":true},"68":{"start":{"line":294,"column":8},"end":{"line":301,"column":37},"skip":true},"69":{"start":{"line":302,"column":8},"end":{"line":302,"column":82},"skip":true},"70":{"start":{"line":305,"column":8},"end":{"line":307,"column":9},"skip":true},"71":{"start":{"line":306,"column":12},"end":{"line":306,"column":82},"skip":true},"72":{"start":{"line":309,"column":8},"end":{"line":311,"column":9},"skip":true},"73":{"start":{"line":310,"column":12},"end":{"line":310,"column":18},"skip":true},"74":{"start":{"line":312,"column":8},"end":{"line":312,"column":54},"skip":true},"75":{"start":{"line":313,"column":8},"end":{"line":313,"column":69},"skip":true},"76":{"start":{"line":314,"column":8},"end":{"line":322,"column":36},"skip":true},"77":{"start":{"line":315,"column":12},"end":{"line":315,"column":61},"skip":true},"78":{"start":{"line":316,"column":12},"end":{"line":319,"column":13},"skip":true},"79":{"start":{"line":317,"column":16},"end":{"line":317,"column":75},"skip":true},"80":{"start":{"line":318,"column":16},"end":{"line":318,"column":23},"skip":true},"81":{"start":{"line":320,"column":12},"end":{"line":320,"column":38},"skip":true},"82":{"start":{"line":321,"column":12},"end":{"line":321,"column":27},"skip":true},"83":{"start":{"line":323,"column":8},"end":{"line":323,"column":14},"skip":true}},"branchMap":{"1":{"line":39,"type":"binary-expr","locations":[{"start":{"line":39,"column":23},"end":{"line":39,"column":62}},{"start":{"line":40,"column":20},"end":{"line":40,"column":70}},{"start":{"line":41,"column":20},"end":{"line":41,"column":71}},{"start":{"line":42,"column":20},"end":{"line":42,"column":29}}]},"2":{"line":44,"type":"binary-expr","locations":[{"start":{"line":44,"column":23},"end":{"line":44,"column":37}},{"start":{"line":45,"column":20},"end":{"line":45,"column":61}},{"start":{"line":46,"column":20},"end":{"line":46,"column":70}},{"start":{"line":47,"column":20},"end":{"line":47,"column":26}}]},"3":{"line":51,"type":"cond-expr","locations":[{"start":{"line":52,"column":14},"end":{"line":52,"column":20}},{"start":{"line":53,"column":14},"end":{"line":53,"column":20}}]},"4":{"line":55,"type":"binary-expr","locations":[{"start":{"line":55,"column":16},"end":{"line":55,"column":44}},{"start":{"line":55,"column":49},"end":{"line":57,"column":43}}]},"5":{"line":55,"type":"cond-expr","locations":[{"start":{"line":56,"column":14},"end":{"line":56,"column":52}},{"start":{"line":57,"column":14},"end":{"line":57,"column":43}}]},"6":{"line":61,"type":"switch","locations":[{"start":{"line":68,"column":4},"end":{"line":150,"column":14},"skip":true},{"start":{"line":156,"column":4},"end":{"line":323,"column":14},"skip":true}]},"7":{"line":70,"type":"if","locations":[{"start":{"line":70,"column":12},"end":{"line":70,"column":12},"skip":true},{"start":{"line":70,"column":12},"end":{"line":70,"column":12},"skip":true}]},"8":{"line":70,"type":"binary-expr","locations":[{"start":{"line":70,"column":16},"end":{"line":70,"column":22},"skip":true},{"start":{"line":70,"column":27},"end":{"line":70,"column":32},"skip":true},{"start":{"line":71,"column":20},"end":{"line":71,"column":39},"skip":true},{"start":{"line":72,"column":20},"end":{"line":72,"column":49},"skip":true},{"start":{"line":73,"column":20},"end":{"line":73,"column":58},"skip":true},{"start":{"line":74,"column":20},"end":{"line":74,"column":69},"skip":true}]},"9":{"line":79,"type":"switch","locations":[{"start":{"line":80,"column":20},"end":{"line":80,"column":33},"skip":true},{"start":{"line":81,"column":20},"end":{"line":83,"column":30},"skip":true},{"start":{"line":84,"column":20},"end":{"line":85,"column":49},"skip":true}]},"10":{"line":89,"type":"switch","locations":[{"start":{"line":90,"column":12},"end":{"line":103,"column":22},"skip":true},{"start":{"line":105,"column":12},"end":{"line":106,"column":22},"skip":true}]},"11":{"line":89,"type":"binary-expr","locations":[{"start":{"line":89,"column":20},"end":{"line":89,"column":25},"skip":true},{"start":{"line":89,"column":29},"end":{"line":89,"column":48},"skip":true},{"start":{"line":89,"column":52},"end":{"line":89,"column":74},"skip":true}]},"12":{"line":92,"type":"if","locations":[{"start":{"line":92,"column":16},"end":{"line":92,"column":16},"skip":true},{"start":{"line":92,"column":16},"end":{"line":92,"column":16},"skip":true}]},"13":{"line":108,"type":"if","locations":[{"start":{"line":108,"column":12},"end":{"line":108,"column":12},"skip":true},{"start":{"line":108,"column":12},"end":{"line":108,"column":12},"skip":true}]},"14":{"line":108,"type":"binary-expr","locations":[{"start":{"line":108,"column":16},"end":{"line":108,"column":61},"skip":true},{"start":{"line":108,"column":66},"end":{"line":108,"column":72},"skip":true},{"start":{"line":108,"column":77},"end":{"line":108,"column":82},"skip":true},{"start":{"line":109,"column":20},"end":{"line":109,"column":39},"skip":true},{"start":{"line":110,"column":20},"end":{"line":110,"column":49},"skip":true},{"start":{"line":111,"column":20},"end":{"line":111,"column":58},"skip":true},{"start":{"line":112,"column":20},"end":{"line":112,"column":68},"skip":true}]},"15":{"line":129,"type":"if","locations":[{"start":{"line":129,"column":16},"end":{"line":129,"column":16},"skip":true},{"start":{"line":129,"column":16},"end":{"line":129,"column":16},"skip":true}]},"16":{"line":134,"type":"cond-expr","locations":[{"start":{"line":135,"column":26},"end":{"line":135,"column":29},"skip":true},{"start":{"line":136,"column":26},"end":{"line":136,"column":54},"skip":true}]},"17":{"line":164,"type":"binary-expr","locations":[{"start":{"line":164,"column":27},"end":{"line":164,"column":43},"skip":true},{"start":{"line":164,"column":47},"end":{"line":164,"column":49},"skip":true}]},"18":{"line":258,"type":"if","locations":[{"start":{"line":258,"column":8},"end":{"line":258,"column":8},"skip":true},{"start":{"line":258,"column":8},"end":{"line":258,"column":8},"skip":true}]},"19":{"line":275,"type":"switch","locations":[{"start":{"line":276,"column":20},"end":{"line":277,"column":64},"skip":true},{"start":{"line":278,"column":20},"end":{"line":279,"column":40},"skip":true},{"start":{"line":280,"column":20},"end":{"line":281,"column":40},"skip":true},{"start":{"line":282,"column":20},"end":{"line":283,"column":39},"skip":true}]},"20":{"line":288,"type":"if","locations":[{"start":{"line":288,"column":8},"end":{"line":288,"column":8},"skip":true},{"start":{"line":288,"column":8},"end":{"line":288,"column":8},"skip":true}]},"21":{"line":288,"type":"binary-expr","locations":[{"start":{"line":288,"column":12},"end":{"line":288,"column":40},"skip":true},{"start":{"line":288,"column":44},"end":{"line":288,"column":67},"skip":true}]},"22":{"line":292,"type":"binary-expr","locations":[{"start":{"line":292,"column":12},"end":{"line":292,"column":50},"skip":true},{"start":{"line":293,"column":12},"end":{"line":293,"column":53},"skip":true}]},"23":{"line":295,"type":"binary-expr","locations":[{"start":{"line":295,"column":12},"end":{"line":295,"column":66},"skip":true},{"start":{"line":296,"column":12},"end":{"line":301,"column":36},"skip":true}]},"24":{"line":302,"type":"binary-expr","locations":[{"start":{"line":302,"column":43},"end":{"line":302,"column":75},"skip":true},{"start":{"line":302,"column":79},"end":{"line":302,"column":81},"skip":true}]},"25":{"line":305,"type":"if","locations":[{"start":{"line":305,"column":8},"end":{"line":305,"column":8},"skip":true},{"start":{"line":305,"column":8},"end":{"line":305,"column":8},"skip":true}]},"26":{"line":309,"type":"if","locations":[{"start":{"line":309,"column":8},"end":{"line":309,"column":8},"skip":true},{"start":{"line":309,"column":8},"end":{"line":309,"column":8},"skip":true}]},"27":{"line":312,"type":"binary-expr","locations":[{"start":{"line":312,"column":27},"end":{"line":312,"column":43},"skip":true},{"start":{"line":312,"column":47},"end":{"line":312,"column":53},"skip":true}]},"28":{"line":316,"type":"if","locations":[{"start":{"line":316,"column":12},"end":{"line":316,"column":12},"skip":true},{"start":{"line":316,"column":12},"end":{"line":316,"column":12},"skip":true}]}},"code":["/*","example.js","","quickstart example","","instruction","    1. save this script as example.js","    2. run the shell command:","        $ npm install npmtest-arangojs && PORT=8081 node example.js","    3. play with the browser-demo on http://127.0.0.1:8081","*/","","","","/* istanbul instrument in package npmtest_arangojs */","/*jslint","    bitwise: true,","    browser: true,","    maxerr: 8,","    maxlen: 96,","    node: true,","    nomen: true,","    regexp: true,","    stupid: true","*/","(function () {","    'use strict';","    var local;","","","","    // run shared js-env code - pre-init","    (function () {","        // init local","        local = {};","        // init modeJs","        local.modeJs = (function () {","            try {","                return typeof navigator.userAgent === 'string' &&","                    typeof document.querySelector('body') === 'object' &&","                    typeof XMLHttpRequest.prototype.open === 'function' &&","                    'browser';","            } catch (errorCaughtBrowser) {","                return module.exports &&","                    typeof process.versions.node === 'string' &&","                    typeof require('http').createServer === 'function' &&","                    'node';","            }","        }());","        // init global","        local.global = local.modeJs === 'browser'","            ? window","            : global;","        // init utility2_rollup","        local = local.global.utility2_rollup || (local.modeJs === 'browser'","            ? local.global.utility2_npmtest_arangojs","            : global.utility2_moduleExports);","        // export local","        local.global.local = local;","    }());","    switch (local.modeJs) {","","","","    // post-init","    // run browser js-env code - post-init","    /* istanbul ignore next */","    case 'browser':","        local.testRunBrowser = function (event) {","            if (!event || (event &&","                    event.currentTarget &&","                    event.currentTarget.className &&","                    event.currentTarget.className.includes &&","                    event.currentTarget.className.includes('onreset'))) {","                // reset output","                Array.from(","                    document.querySelectorAll('body > .resettable')","                ).forEach(function (element) {","                    switch (element.tagName) {","                    case 'INPUT':","                    case 'TEXTAREA':","                        element.value = '';","                        break;","                    default:","                        element.textContent = '';","                    }","                });","            }","            switch (event && event.currentTarget && event.currentTarget.id) {","            case 'testRunButton1':","                // show tests","                if (document.querySelector('#testReportDiv1').style.display === 'none') {","                    document.querySelector('#testReportDiv1').style.display = 'block';","                    document.querySelector('#testRunButton1').textContent =","                        'hide internal test';","                    local.modeTest = true;","                    local.testRunDefault(local);","                // hide tests","                } else {","                    document.querySelector('#testReportDiv1').style.display = 'none';","                    document.querySelector('#testRunButton1').textContent = 'run internal test';","                }","                break;","            // custom-case","            default:","                break;","            }","            if (document.querySelector('#inputTextareaEval1') && (!event || (event &&","                    event.currentTarget &&","                    event.currentTarget.className &&","                    event.currentTarget.className.includes &&","                    event.currentTarget.className.includes('oneval')))) {","                // try to eval input-code","                try {","                    /*jslint evil: true*/","                    eval(document.querySelector('#inputTextareaEval1').value);","                } catch (errorCaught) {","                    console.error(errorCaught);","                }","            }","        };","        // log stderr and stdout to #outputTextareaStdout1","        ['error', 'log'].forEach(function (key) {","            console[key + '_original'] = console[key];","            console[key] = function () {","                var element;","                console[key + '_original'].apply(console, arguments);","                element = document.querySelector('#outputTextareaStdout1');","                if (!element) {","                    return;","                }","                // append text to #outputTextareaStdout1","                element.value += Array.from(arguments).map(function (arg) {","                    return typeof arg === 'string'","                        ? arg","                        : JSON.stringify(arg, null, 4);","                }).join(' ') + '\\n';","                // scroll textarea to bottom","                element.scrollTop = element.scrollHeight;","            };","        });","        // init event-handling","        ['change', 'click', 'keyup'].forEach(function (event) {","            Array.from(document.querySelectorAll('.on' + event)).forEach(function (element) {","                element.addEventListener(event, local.testRunBrowser);","            });","        });","        // run tests","        local.testRunBrowser();","        break;","","","","    // run node js-env code - post-init","    /* istanbul ignore next */","    case 'node':","        // export local","        module.exports = local;","        // require modules","        local.fs = require('fs');","        local.http = require('http');","        local.url = require('url');","        // init assets","        local.assetsDict = local.assetsDict || {};","        /* jslint-ignore-begin */","        local.assetsDict['/assets.index.template.html'] = '\\","<!doctype html>\\n\\","<html lang=\"en\">\\n\\","<head>\\n\\","<meta charset=\"UTF-8\">\\n\\","<meta name=\"viewport\" content=\"width=device-width, initial-scale=1\">\\n\\","<title>{{env.npm_package_name}} (v{{env.npm_package_version}})</title>\\n\\","<style>\\n\\","/*csslint\\n\\","    box-sizing: false,\\n\\","    universal-selector: false\\n\\","*/\\n\\","* {\\n\\","    box-sizing: border-box;\\n\\","}\\n\\","body {\\n\\","    background: #dde;\\n\\","    font-family: Arial, Helvetica, sans-serif;\\n\\","    margin: 2rem;\\n\\","}\\n\\","body > * {\\n\\","    margin-bottom: 1rem;\\n\\","}\\n\\",".utility2FooterDiv {\\n\\","    margin-top: 20px;\\n\\","    text-align: center;\\n\\","}\\n\\","</style>\\n\\","<style>\\n\\","/*csslint\\n\\","*/\\n\\","textarea {\\n\\","    font-family: monospace;\\n\\","    height: 10rem;\\n\\","    width: 100%;\\n\\","}\\n\\","textarea[readonly] {\\n\\","    background: #ddd;\\n\\","}\\n\\","</style>\\n\\","</head>\\n\\","<body>\\n\\","<!-- utility2-comment\\n\\","<div id=\"ajaxProgressDiv1\" style=\"background: #d00; height: 2px; left: 0; margin: 0; padding: 0; position: fixed; top: 0; transition: background 0.5s, width 1.5s; width: 25%;\"></div>\\n\\","utility2-comment -->\\n\\","<h1>\\n\\","<!-- utility2-comment\\n\\","    <a\\n\\","        {{#if env.npm_package_homepage}}\\n\\","        href=\"{{env.npm_package_homepage}}\"\\n\\","        {{/if env.npm_package_homepage}}\\n\\","        target=\"_blank\"\\n\\","    >\\n\\","utility2-comment -->\\n\\","        {{env.npm_package_name}} (v{{env.npm_package_version}})\\n\\","<!-- utility2-comment\\n\\","    </a>\\n\\","utility2-comment -->\\n\\","</h1>\\n\\","<h3>{{env.npm_package_description}}</h3>\\n\\","<!-- utility2-comment\\n\\","<h4><a download href=\"assets.app.js\">download standalone app</a></h4>\\n\\","<button class=\"onclick onreset\" id=\"testRunButton1\">run internal test</button><br>\\n\\","<div id=\"testReportDiv1\" style=\"display: none;\"></div>\\n\\","utility2-comment -->\\n\\","\\n\\","\\n\\","\\n\\","<label>stderr and stdout</label>\\n\\","<textarea class=\"resettable\" id=\"outputTextareaStdout1\" readonly></textarea>\\n\\","<!-- utility2-comment\\n\\","{{#if isRollup}}\\n\\","<script src=\"assets.app.js\"></script>\\n\\","{{#unless isRollup}}\\n\\","utility2-comment -->\\n\\","<script src=\"assets.utility2.rollup.js\"></script>\\n\\","<script src=\"jsonp.utility2._stateInit?callback=window.utility2._stateInit\"></script>\\n\\","<script src=\"assets.npmtest_arangojs.rollup.js\"></script>\\n\\","<script src=\"assets.example.js\"></script>\\n\\","<script src=\"assets.test.js\"></script>\\n\\","<!-- utility2-comment\\n\\","{{/if isRollup}}\\n\\","utility2-comment -->\\n\\","<div class=\"utility2FooterDiv\">\\n\\","    [ this app was created with\\n\\","    <a href=\"https://github.com/kaizhu256/node-utility2\" target=\"_blank\">utility2</a>\\n\\","    ]\\n\\","</div>\\n\\","</body>\\n\\","</html>\\n\\","';","        /* jslint-ignore-end */","        if (local.templateRender) {","            local.assetsDict['/'] = local.templateRender(","                local.assetsDict['/assets.index.template.html'],","                {","                    env: local.objectSetDefault(local.env, {","                        npm_package_description: 'the greatest app in the world!',","                        npm_package_name: 'my-app',","                        npm_package_nameAlias: 'my_app',","                        npm_package_version: '0.0.1'","                    })","                }","            );","        } else {","            local.assetsDict['/'] = local.assetsDict['/assets.index.template.html']","                .replace((/\\{\\{env\\.(\\w+?)\\}\\}/g), function (match0, match1) {","                    // jslint-hack","                    String(match0);","                    switch (match1) {","                    case 'npm_package_description':","                        return 'the greatest app in the world!';","                    case 'npm_package_name':","                        return 'my-app';","                    case 'npm_package_nameAlias':","                        return 'my_app';","                    case 'npm_package_version':","                        return '0.0.1';","                    }","                });","        }","        // run the cli","        if (local.global.utility2_rollup || module !== require.main) {","            break;","        }","        local.assetsDict['/assets.example.js'] =","            local.assetsDict['/assets.example.js'] ||","            local.fs.readFileSync(__filename, 'utf8');","        local.assetsDict['/assets.npmtest_arangojs.rollup.js'] =","            local.assetsDict['/assets.npmtest_arangojs.rollup.js'] ||","            local.fs.readFileSync(","                // buildCustomOrg-hack","                local.npmtest_arangojs.__dirname +","                    '/lib.npmtest_arangojs.js',","                'utf8'","            ).replace((/^#!/), '//');","        local.assetsDict['/favicon.ico'] = local.assetsDict['/favicon.ico'] || '';","        // if $npm_config_timeout_exit exists,","        // then exit this process after $npm_config_timeout_exit ms","        if (Number(process.env.npm_config_timeout_exit)) {","            setTimeout(process.exit, Number(process.env.npm_config_timeout_exit));","        }","        // start server","        if (local.global.utility2_serverHttp1) {","            break;","        }","        process.env.PORT = process.env.PORT || '8081';","        console.error('server starting on port ' + process.env.PORT);","        local.http.createServer(function (request, response) {","            request.urlParsed = local.url.parse(request.url);","            if (local.assetsDict[request.urlParsed.pathname] !== undefined) {","                response.end(local.assetsDict[request.urlParsed.pathname]);","                return;","            }","            response.statusCode = 404;","            response.end();","        }).listen(process.env.PORT);","        break;","    }","}());",""],"l":{"26":2,"28":2,"33":2,"35":2,"37":2,"38":2,"39":2,"44":1,"51":2,"55":2,"59":2,"61":2,"69":1,"70":2,"76":2,"79":2,"82":2,"83":2,"85":1,"89":2,"92":1,"93":1,"94":1,"96":1,"97":1,"100":1,"101":1,"103":1,"106":1,"108":2,"114":1,"116":1,"118":1,"123":1,"124":2,"125":2,"126":2,"127":2,"128":2,"129":2,"130":1,"133":2,"134":2,"139":2,"143":1,"144":3,"145":1,"149":1,"150":1,"158":1,"160":1,"161":1,"162":1,"164":1,"166":1,"258":1,"259":1,"271":1,"274":6,"275":6,"277":1,"279":2,"281":1,"283":2,"288":1,"289":1,"291":1,"294":1,"302":1,"305":1,"306":1,"309":1,"310":1,"312":1,"313":1,"314":1,"315":1,"316":1,"317":1,"318":1,"320":1,"321":1,"323":1}},"/home/travis/build/npmtest/node-npmtest-arangojs/node_modules/arangojs/lib/index.js":{"path":"/home/travis/build/npmtest/node-npmtest-arangojs/node_modules/arangojs/lib/index.js","s":{"1":1,"2":1,"3":1,"4":1,"5":1,"6":2,"7":1,"8":0,"9":0,"10":0,"11":1,"12":1},"b":{"1":[2,0],"2":[2,2]},"f":{"1":2,"2":0},"fnMap":{"1":{"name":"_interopRequireDefault","line":11,"loc":{"start":{"line":11,"column":0},"end":{"line":11,"column":37}}},"2":{"name":"(anonymous_2)","line":13,"loc":{"start":{"line":13,"column":17},"end":{"line":13,"column":29}}}},"statementMap":{"1":{"start":{"line":3,"column":0},"end":{"line":3,"column":38}},"2":{"start":{"line":5,"column":0},"end":{"line":5,"column":51}},"3":{"start":{"line":7,"column":0},"end":{"line":7,"column":39}},"4":{"start":{"line":9,"column":0},"end":{"line":9,"column":51}},"5":{"start":{"line":11,"column":0},"end":{"line":11,"column":95}},"6":{"start":{"line":11,"column":39},"end":{"line":11,"column":93}},"7":{"start":{"line":13,"column":0},"end":{"line":19,"column":2}},"8":{"start":{"line":14,"column":2},"end":{"line":16,"column":3}},"9":{"start":{"line":15,"column":4},"end":{"line":15,"column":33}},"10":{"start":{"line":18,"column":2},"end":{"line":18,"column":88}},"11":{"start":{"line":20,"column":0},"end":{"line":20,"column":45}},"12":{"start":{"line":21,"column":0},"end":{"line":21,"column":66}}},"branchMap":{"1":{"line":11,"type":"cond-expr","locations":[{"start":{"line":11,"column":70},"end":{"line":11,"column":73}},{"start":{"line":11,"column":76},"end":{"line":11,"column":92}}]},"2":{"line":11,"type":"binary-expr","locations":[{"start":{"line":11,"column":46},"end":{"line":11,"column":49}},{"start":{"line":11,"column":53},"end":{"line":11,"column":67}}]}},"code":["'use strict';","","var _database = require('./database');","","var _database2 = _interopRequireDefault(_database);","","var _aqlQuery = require('./aql-query');","","var _aqlQuery2 = _interopRequireDefault(_aqlQuery);","","function _interopRequireDefault(obj) { return obj && obj.__esModule ? obj : { default: obj }; }","","module.exports = function () {","  for (var _len = arguments.length, args = Array(_len), _key = 0; _key < _len; _key++) {","    args[_key] = arguments[_key];","  }","","  return new (Function.prototype.bind.apply(_database2.default, [null].concat(args)))();","};","module.exports.Database = _database2.default;","module.exports.aqlQuery = module.exports.aql = _aqlQuery2.default;"],"l":{"3":1,"5":1,"7":1,"9":1,"11":2,"13":1,"14":0,"15":0,"18":0,"20":1,"21":1}},"/home/travis/build/npmtest/node-npmtest-arangojs/node_modules/arangojs/lib/database.js":{"path":"/home/travis/build/npmtest/node-npmtest-arangojs/node_modules/arangojs/lib/database.js","s":{"1":1,"2":1,"3":0,"4":0,"5":0,"6":0,"7":0,"8":0,"9":1,"10":1,"11":1,"12":41,"13":41,"14":41,"15":41,"16":41,"17":41,"18":1,"19":1,"20":1,"21":1,"22":0,"23":1,"24":1,"25":1,"26":1,"27":1,"28":1,"29":1,"30":1,"31":1,"32":1,"33":1,"34":1,"35":1,"36":1,"37":1,"38":1,"39":7,"40":1,"41":0,"42":0,"43":0,"44":0,"45":0,"46":0,"47":0,"48":0,"49":1,"50":0,"51":0,"52":1,"53":1,"54":0,"55":0,"56":0,"57":0,"58":1,"59":0,"60":0,"61":0,"62":0,"63":0,"64":0,"65":0,"66":0,"67":0,"68":0,"69":0,"70":0,"71":0,"72":0,"73":0,"74":0,"75":0,"76":0,"77":0,"78":0,"79":0,"80":0,"81":0,"82":0,"83":0,"84":0,"85":0,"86":0,"87":0,"88":0,"89":0,"90":0,"91":0,"92":0,"93":0,"94":0,"95":0,"96":0,"97":0,"98":0,"99":0,"100":0,"101":0,"102":0,"103":0,"104":0,"105":0,"106":0,"107":0,"108":0,"109":0,"110":0,"111":0,"112":0,"113":0,"114":0,"115":0,"116":0,"117":0,"118":0,"119":0,"120":0,"121":0,"122":0,"123":0,"124":0,"125":0,"126":0,"127":0,"128":0,"129":0,"130":0,"131":0,"132":0,"133":0,"134":0,"135":0,"136":0,"137":0,"138":0,"139":0,"140":0,"141":0,"142":0,"143":0,"144":0,"145":0,"146":0,"147":0,"148":0,"149":0,"150":0,"151":0,"152":0,"153":0,"154":0,"155":0,"156":0,"157":0,"158":0,"159":0,"160":0,"161":0,"162":0,"163":0,"164":0,"165":0,"166":0,"167":0,"168":0,"169":0,"170":0,"171":0,"172":0,"173":0,"174":0,"175":0,"176":0,"177":0,"178":0,"179":0,"180":0,"181":0,"182":0,"183":0,"184":0,"185":0,"186":0,"187":0,"188":0,"189":0,"190":0,"191":0,"192":0,"193":0,"194":0,"195":0,"196":0,"197":0,"198":0,"199":0,"200":0,"201":0,"202":0,"203":0,"204":0,"205":0,"206":0,"207":0,"208":0,"209":0,"210":0,"211":0,"212":0,"213":0,"214":0,"215":0,"216":0,"217":0,"218":0,"219":0,"220":0,"221":0,"222":0,"223":0,"224":0,"225":0,"226":0,"227":0,"228":0,"229":0,"230":0,"231":0,"232":0,"233":0,"234":0,"235":0,"236":0,"237":0,"238":0,"239":0,"240":0,"241":0,"242":0,"243":0,"244":0,"245":0,"246":0,"247":0,"248":0,"249":0,"250":0,"251":0,"252":0,"253":0,"254":0,"255":0,"256":0,"257":0,"258":0,"259":0,"260":0,"261":0,"262":0,"263":0,"264":0,"265":0,"266":0,"267":0,"268":0,"269":0,"270":0,"271":0,"272":0,"273":0,"274":0,"275":0,"276":0,"277":0,"278":0,"279":0,"280":0,"281":0,"282":0,"283":0,"284":0,"285":0,"286":0,"287":1,"288":1},"b":{"1":[1,0],"2":[0,0],"3":[41,41],"4":[41,0],"5":[1,0],"6":[0,1],"7":[7,0],"8":[7,7],"9":[0,0],"10":[0,0],"11":[0,0],"12":[0,0],"13":[0,0],"14":[0,0],"15":[0,0],"16":[0,0],"17":[0,0],"18":[0,0],"19":[0,0],"20":[0,0],"21":[0,0],"22":[0,0],"23":[0,0],"24":[0,0],"25":[0,0],"26":[0,0],"27":[0,0],"28":[0,0],"29":[0,0],"30":[0,0],"31":[0,0],"32":[0,0],"33":[0,0],"34":[0,0],"35":[0,0],"36":[0,0],"37":[0,0],"38":[0,0],"39":[0,0],"40":[0,0],"41":[0,0],"42":[0,0],"43":[0,0],"44":[0,0],"45":[0,0],"46":[0,0],"47":[0,0],"48":[0,0],"49":[0,0],"50":[0,0],"51":[0,0],"52":[0,0],"53":[0,0],"54":[0,0],"55":[0,0],"56":[0,0],"57":[0,0],"58":[0,0],"59":[0,0],"60":[0,0],"61":[0,0],"62":[0,0],"63":[0,0],"64":[0,0],"65":[0,0],"66":[0,0],"67":[0,0],"68":[0,0],"69":[0,0],"70":[0,0],"71":[0,0],"72":[0,0],"73":[0,0],"74":[0,0],"75":[0,0],"76":[0,0],"77":[0,0],"78":[0,0],"79":[0,0],"80":[0,0]},"f":{"1":0,"2":1,"3":1,"4":1,"5":7,"6":0,"7":0,"8":1,"9":0,"10":0,"11":0,"12":0,"13":0,"14":0,"15":0,"16":0,"17":0,"18":0,"19":0,"20":0,"21":0,"22":0,"23":0,"24":0,"25":0,"26":0,"27":0,"28":0,"29":0,"30":0,"31":0,"32":0,"33":0,"34":0,"35":0,"36":0,"37":0,"38":0,"39":0,"40":0,"41":0,"42":0,"43":0,"44":0,"45":0,"46":0,"47":0,"48":0,"49":0,"50":0,"51":0,"52":0,"53":0,"54":0,"55":0,"56":0,"57":0,"58":0,"59":0,"60":0,"61":0,"62":0,"63":0,"64":0,"65":0,"66":0,"67":0,"68":0,"69":0,"70":0,"71":0,"72":0,"73":0,"74":0,"75":0,"76":0,"77":0,"78":0,"79":0,"80":0,"81":0,"82":0,"83":0,"84":0,"85":0,"86":0,"87":0,"88":0,"89":0,"90":0,"91":0,"92":0},"fnMap":{"1":{"name":"(anonymous_1)","line":7,"loc":{"start":{"line":7,"column":32},"end":{"line":7,"column":50}}},"2":{"name":"(anonymous_2)","line":9,"loc":{"start":{"line":9,"column":19},"end":{"line":9,"column":31}}},"3":{"name":"defineProperties","line":9,"loc":{"start":{"line":9,"column":33},"end":{"line":9,"column":74}}},"4":{"name":"(anonymous_4)","line":9,"loc":{"start":{"line":9,"column":357},"end":{"line":9,"column":405}}},"5":{"name":"_interopRequireDefault","line":39,"loc":{"start":{"line":39,"column":0},"end":{"line":39,"column":37}}},"6":{"name":"_objectWithoutProperties","line":41,"loc":{"start":{"line":41,"column":0},"end":{"line":41,"column":45}}},"7":{"name":"_classCallCheck","line":43,"loc":{"start":{"line":43,"column":0},"end":{"line":43,"column":48}}},"8":{"name":"(anonymous_8)","line":45,"loc":{"start":{"line":45,"column":15},"end":{"line":45,"column":27}}},"9":{"name":"Database","line":46,"loc":{"start":{"line":46,"column":2},"end":{"line":46,"column":28}}},"10":{"name":"route","line":56,"loc":{"start":{"line":56,"column":11},"end":{"line":56,"column":41}}},"11":{"name":"useDatabase","line":64,"loc":{"start":{"line":64,"column":11},"end":{"line":64,"column":46}}},"12":{"name":"useBearerAuth","line":75,"loc":{"start":{"line":75,"column":11},"end":{"line":75,"column":41}}},"13":{"name":"useBasicAuth","line":81,"loc":{"start":{"line":81,"column":11},"end":{"line":81,"column":53}}},"14":{"name":"get","line":87,"loc":{"start":{"line":87,"column":11},"end":{"line":87,"column":28}}},"15":{"name":"(anonymous_15)","line":92,"loc":{"start":{"line":92,"column":41},"end":{"line":92,"column":61}}},"16":{"name":"createDatabase","line":99,"loc":{"start":{"line":99,"column":11},"end":{"line":99,"column":60}}},"17":{"name":"(anonymous_17)","line":109,"loc":{"start":{"line":109,"column":72},"end":{"line":109,"column":92}}},"18":{"name":"listDatabases","line":116,"loc":{"start":{"line":116,"column":11},"end":{"line":116,"column":38}}},"19":{"name":"(anonymous_19)","line":121,"loc":{"start":{"line":121,"column":33},"end":{"line":121,"column":53}}},"20":{"name":"listUserDatabases","line":128,"loc":{"start":{"line":128,"column":11},"end":{"line":128,"column":42}}},"21":{"name":"(anonymous_21)","line":133,"loc":{"start":{"line":133,"column":38},"end":{"line":133,"column":58}}},"22":{"name":"dropDatabase","line":140,"loc":{"start":{"line":140,"column":11},"end":{"line":140,"column":51}}},"23":{"name":"(anonymous_23)","line":145,"loc":{"start":{"line":145,"column":52},"end":{"line":145,"column":72}}},"24":{"name":"collection","line":155,"loc":{"start":{"line":155,"column":11},"end":{"line":155,"column":47}}},"25":{"name":"edgeCollection","line":160,"loc":{"start":{"line":160,"column":11},"end":{"line":160,"column":51}}},"26":{"name":"listCollections","line":165,"loc":{"start":{"line":165,"column":11},"end":{"line":165,"column":55}}},"27":{"name":"(anonymous_27)","line":177,"loc":{"start":{"line":177,"column":69},"end":{"line":177,"column":89}}},"28":{"name":"collections","line":184,"loc":{"start":{"line":184,"column":11},"end":{"line":184,"column":51}}},"29":{"name":"(anonymous_29)","line":196,"loc":{"start":{"line":196,"column":42},"end":{"line":196,"column":70}}},"30":{"name":"(anonymous_30)","line":197,"loc":{"start":{"line":197,"column":68},"end":{"line":197,"column":84}}},"31":{"name":"truncate","line":205,"loc":{"start":{"line":205,"column":11},"end":{"line":205,"column":48}}},"32":{"name":"(anonymous_32)","line":217,"loc":{"start":{"line":217,"column":42},"end":{"line":217,"column":70}}},"33":{"name":"(anonymous_33)","line":218,"loc":{"start":{"line":218,"column":72},"end":{"line":218,"column":88}}},"34":{"name":"(anonymous_34)","line":219,"loc":{"start":{"line":219,"column":17},"end":{"line":219,"column":31}}},"35":{"name":"(anonymous_35)","line":220,"loc":{"start":{"line":220,"column":77},"end":{"line":220,"column":97}}},"36":{"name":"graph","line":233,"loc":{"start":{"line":233,"column":11},"end":{"line":233,"column":37}}},"37":{"name":"listGraphs","line":238,"loc":{"start":{"line":238,"column":11},"end":{"line":238,"column":35}}},"38":{"name":"(anonymous_38)","line":243,"loc":{"start":{"line":243,"column":32},"end":{"line":243,"column":52}}},"39":{"name":"graphs","line":250,"loc":{"start":{"line":250,"column":11},"end":{"line":250,"column":31}}},"40":{"name":"(anonymous_40)","line":257,"loc":{"start":{"line":257,"column":22},"end":{"line":257,"column":45}}},"41":{"name":"(anonymous_41)","line":258,"loc":{"start":{"line":258,"column":63},"end":{"line":258,"column":79}}},"42":{"name":"transaction","line":269,"loc":{"start":{"line":269,"column":11},"end":{"line":269,"column":78}}},"43":{"name":"(anonymous_43)","line":290,"loc":{"start":{"line":290,"column":125},"end":{"line":290,"column":145}}},"44":{"name":"query","line":297,"loc":{"start":{"line":297,"column":11},"end":{"line":297,"column":54}}},"45":{"name":"(anonymous_45)","line":321,"loc":{"start":{"line":321,"column":91},"end":{"line":321,"column":111}}},"46":{"name":"listFunctions","line":331,"loc":{"start":{"line":331,"column":11},"end":{"line":331,"column":38}}},"47":{"name":"(anonymous_47)","line":336,"loc":{"start":{"line":336,"column":36},"end":{"line":336,"column":56}}},"48":{"name":"createFunction","line":343,"loc":{"start":{"line":343,"column":11},"end":{"line":343,"column":51}}},"49":{"name":"(anonymous_49)","line":348,"loc":{"start":{"line":348,"column":65},"end":{"line":348,"column":85}}},"50":{"name":"dropFunction","line":355,"loc":{"start":{"line":355,"column":11},"end":{"line":355,"column":50}}},"51":{"name":"(anonymous_51)","line":365,"loc":{"start":{"line":365,"column":74},"end":{"line":365,"column":94}}},"52":{"name":"listServices","line":375,"loc":{"start":{"line":375,"column":11},"end":{"line":375,"column":37}}},"53":{"name":"(anonymous_53)","line":380,"loc":{"start":{"line":380,"column":29},"end":{"line":380,"column":49}}},"54":{"name":"installService","line":387,"loc":{"start":{"line":387,"column":11},"end":{"line":387,"column":60}}},"55":{"name":"(anonymous_55)","line":408,"loc":{"start":{"line":408,"column":9},"end":{"line":408,"column":29}}},"56":{"name":"(anonymous_56)","line":415,"loc":{"start":{"line":415,"column":11},"end":{"line":415,"column":31}}},"57":{"name":"upgradeService","line":423,"loc":{"start":{"line":423,"column":11},"end":{"line":423,"column":60}}},"58":{"name":"(anonymous_58)","line":444,"loc":{"start":{"line":444,"column":9},"end":{"line":444,"column":29}}},"59":{"name":"(anonymous_59)","line":451,"loc":{"start":{"line":451,"column":11},"end":{"line":451,"column":31}}},"60":{"name":"replaceService","line":459,"loc":{"start":{"line":459,"column":11},"end":{"line":459,"column":60}}},"61":{"name":"(anonymous_61)","line":480,"loc":{"start":{"line":480,"column":9},"end":{"line":480,"column":29}}},"62":{"name":"(anonymous_62)","line":487,"loc":{"start":{"line":487,"column":11},"end":{"line":487,"column":31}}},"63":{"name":"uninstallService","line":495,"loc":{"start":{"line":495,"column":11},"end":{"line":495,"column":54}}},"64":{"name":"(anonymous_64)","line":505,"loc":{"start":{"line":505,"column":78},"end":{"line":505,"column":93}}},"65":{"name":"getService","line":512,"loc":{"start":{"line":512,"column":11},"end":{"line":512,"column":42}}},"66":{"name":"(anonymous_66)","line":517,"loc":{"start":{"line":517,"column":55},"end":{"line":517,"column":75}}},"67":{"name":"getServiceConfiguration","line":524,"loc":{"start":{"line":524,"column":11},"end":{"line":524,"column":55}}},"68":{"name":"(anonymous_68)","line":529,"loc":{"start":{"line":529,"column":61},"end":{"line":529,"column":81}}},"69":{"name":"updateServiceConfiguration","line":536,"loc":{"start":{"line":536,"column":11},"end":{"line":536,"column":63}}},"70":{"name":"(anonymous_70)","line":541,"loc":{"start":{"line":541,"column":68},"end":{"line":541,"column":88}}},"71":{"name":"replaceServiceConfiguration","line":548,"loc":{"start":{"line":548,"column":11},"end":{"line":548,"column":64}}},"72":{"name":"(anonymous_72)","line":553,"loc":{"start":{"line":553,"column":66},"end":{"line":553,"column":86}}},"73":{"name":"getServiceDependencies","line":560,"loc":{"start":{"line":560,"column":11},"end":{"line":560,"column":54}}},"74":{"name":"(anonymous_74)","line":565,"loc":{"start":{"line":565,"column":60},"end":{"line":565,"column":80}}},"75":{"name":"updateServiceDependencies","line":572,"loc":{"start":{"line":572,"column":11},"end":{"line":572,"column":62}}},"76":{"name":"(anonymous_76)","line":577,"loc":{"start":{"line":577,"column":67},"end":{"line":577,"column":87}}},"77":{"name":"replaceServiceDependencies","line":584,"loc":{"start":{"line":584,"column":11},"end":{"line":584,"column":63}}},"78":{"name":"(anonymous_78)","line":589,"loc":{"start":{"line":589,"column":65},"end":{"line":589,"column":85}}},"79":{"name":"enableServiceDevelopmentMode","line":596,"loc":{"start":{"line":596,"column":11},"end":{"line":596,"column":60}}},"80":{"name":"(anonymous_80)","line":601,"loc":{"start":{"line":601,"column":71},"end":{"line":601,"column":91}}},"81":{"name":"disableServiceDevelopmentMode","line":608,"loc":{"start":{"line":608,"column":11},"end":{"line":608,"column":61}}},"82":{"name":"(anonymous_82)","line":613,"loc":{"start":{"line":613,"column":62},"end":{"line":613,"column":82}}},"83":{"name":"listServiceScripts","line":620,"loc":{"start":{"line":620,"column":11},"end":{"line":620,"column":50}}},"84":{"name":"(anonymous_84)","line":625,"loc":{"start":{"line":625,"column":55},"end":{"line":625,"column":75}}},"85":{"name":"runServiceScript","line":632,"loc":{"start":{"line":632,"column":11},"end":{"line":632,"column":60}}},"86":{"name":"(anonymous_86)","line":642,"loc":{"start":{"line":642,"column":70},"end":{"line":642,"column":90}}},"87":{"name":"runServiceTests","line":649,"loc":{"start":{"line":649,"column":11},"end":{"line":649,"column":53}}},"88":{"name":"(anonymous_88)","line":659,"loc":{"start":{"line":659,"column":85},"end":{"line":659,"column":105}}},"89":{"name":"getServiceReadme","line":666,"loc":{"start":{"line":666,"column":11},"end":{"line":666,"column":48}}},"90":{"name":"(anonymous_90)","line":671,"loc":{"start":{"line":671,"column":54},"end":{"line":671,"column":74}}},"91":{"name":"downloadService","line":678,"loc":{"start":{"line":678,"column":11},"end":{"line":678,"column":47}}},"92":{"name":"(anonymous_92)","line":683,"loc":{"start":{"line":683,"column":110},"end":{"line":683,"column":130}}}},"statementMap":{"1":{"start":{"line":3,"column":0},"end":{"line":5,"column":3}},"2":{"start":{"line":7,"column":0},"end":{"line":7,"column":257}},"3":{"start":{"line":7,"column":52},"end":{"line":7,"column":239}},"4":{"start":{"line":7,"column":97},"end":{"line":7,"column":123}},"5":{"start":{"line":7,"column":124},"end":{"line":7,"column":237}},"6":{"start":{"line":7,"column":150},"end":{"line":7,"column":235}},"7":{"start":{"line":7,"column":207},"end":{"line":7,"column":233}},"8":{"start":{"line":7,"column":240},"end":{"line":7,"column":254}},"9":{"start":{"line":9,"column":0},"end":{"line":9,"column":564}},"10":{"start":{"line":9,"column":33},"end":{"line":9,"column":349}},"11":{"start":{"line":9,"column":76},"end":{"line":9,"column":347}},"12":{"start":{"line":9,"column":117},"end":{"line":9,"column":143}},"13":{"start":{"line":9,"column":144},"end":{"line":9,"column":199}},"14":{"start":{"line":9,"column":200},"end":{"line":9,"column":231}},"15":{"start":{"line":9,"column":232},"end":{"line":9,"column":286}},"16":{"start":{"line":9,"column":259},"end":{"line":9,"column":286}},"17":{"start":{"line":9,"column":287},"end":{"line":9,"column":345}},"18":{"start":{"line":9,"column":350},"end":{"line":9,"column":559}},"19":{"start":{"line":9,"column":407},"end":{"line":9,"column":475}},"20":{"start":{"line":9,"column":423},"end":{"line":9,"column":475}},"21":{"start":{"line":9,"column":476},"end":{"line":9,"column":536}},"22":{"start":{"line":9,"column":493},"end":{"line":9,"column":536}},"23":{"start":{"line":9,"column":537},"end":{"line":9,"column":556}},"24":{"start":{"line":11,"column":0},"end":{"line":11,"column":33}},"25":{"start":{"line":13,"column":0},"end":{"line":13,"column":41}},"26":{"start":{"line":15,"column":0},"end":{"line":15,"column":35}},"27":{"start":{"line":17,"column":0},"end":{"line":17,"column":43}},"28":{"start":{"line":19,"column":0},"end":{"line":19,"column":45}},"29":{"start":{"line":21,"column":0},"end":{"line":21,"column":53}},"30":{"start":{"line":23,"column":0},"end":{"line":23,"column":42}},"31":{"start":{"line":25,"column":0},"end":{"line":25,"column":55}},"32":{"start":{"line":27,"column":0},"end":{"line":27,"column":34}},"33":{"start":{"line":29,"column":0},"end":{"line":29,"column":47}},"34":{"start":{"line":31,"column":0},"end":{"line":31,"column":32}},"35":{"start":{"line":33,"column":0},"end":{"line":33,"column":45}},"36":{"start":{"line":35,"column":0},"end":{"line":35,"column":42}},"37":{"start":{"line":37,"column":0},"end":{"line":37,"column":55}},"38":{"start":{"line":39,"column":0},"end":{"line":39,"column":95}},"39":{"start":{"line":39,"column":39},"end":{"line":39,"column":93}},"40":{"start":{"line":41,"column":0},"end":{"line":41,"column":220}},"41":{"start":{"line":41,"column":47},"end":{"line":41,"column":63}},"42":{"start":{"line":41,"column":64},"end":{"line":41,"column":203}},"43":{"start":{"line":41,"column":85},"end":{"line":41,"column":120}},"44":{"start":{"line":41,"column":111},"end":{"line":41,"column":120}},"45":{"start":{"line":41,"column":121},"end":{"line":41,"column":181}},"46":{"start":{"line":41,"column":172},"end":{"line":41,"column":181}},"47":{"start":{"line":41,"column":182},"end":{"line":41,"column":201}},"48":{"start":{"line":41,"column":204},"end":{"line":41,"column":218}},"49":{"start":{"line":43,"column":0},"end":{"line":43,"column":153}},"50":{"start":{"line":43,"column":50},"end":{"line":43,"column":151}},"51":{"start":{"line":43,"column":92},"end":{"line":43,"column":149}},"52":{"start":{"line":45,"column":0},"end":{"line":691,"column":4}},"53":{"start":{"line":46,"column":2},"end":{"line":52,"column":3}},"54":{"start":{"line":47,"column":4},"end":{"line":47,"column":36}},"55":{"start":{"line":49,"column":4},"end":{"line":49,"column":56}},"56":{"start":{"line":50,"column":4},"end":{"line":50,"column":48}},"57":{"start":{"line":51,"column":4},"end":{"line":51,"column":53}},"58":{"start":{"line":54,"column":2},"end":{"line":688,"column":6}},"59":{"start":{"line":57,"column":6},"end":{"line":57,"column":51}},"60":{"start":{"line":65,"column":6},"end":{"line":67,"column":7}},"61":{"start":{"line":66,"column":8},"end":{"line":66,"column":69}},"62":{"start":{"line":68,"column":6},"end":{"line":68,"column":58}},"63":{"start":{"line":69,"column":6},"end":{"line":69,"column":62}},"64":{"start":{"line":70,"column":6},"end":{"line":70,"column":31}},"65":{"start":{"line":71,"column":6},"end":{"line":71,"column":18}},"66":{"start":{"line":76,"column":6},"end":{"line":76,"column":75}},"67":{"start":{"line":77,"column":6},"end":{"line":77,"column":18}},"68":{"start":{"line":82,"column":6},"end":{"line":82,"column":135}},"69":{"start":{"line":83,"column":6},"end":{"line":83,"column":18}},"70":{"start":{"line":88,"column":6},"end":{"line":90,"column":52}},"71":{"start":{"line":92,"column":6},"end":{"line":94,"column":9}},"72":{"start":{"line":93,"column":8},"end":{"line":93,"column":69}},"73":{"start":{"line":95,"column":6},"end":{"line":95,"column":21}},"74":{"start":{"line":100,"column":6},"end":{"line":103,"column":7}},"75":{"start":{"line":101,"column":8},"end":{"line":101,"column":19}},"76":{"start":{"line":102,"column":8},"end":{"line":102,"column":26}},"77":{"start":{"line":105,"column":6},"end":{"line":107,"column":53}},"78":{"start":{"line":109,"column":6},"end":{"line":111,"column":9}},"79":{"start":{"line":110,"column":8},"end":{"line":110,"column":62}},"80":{"start":{"line":112,"column":6},"end":{"line":112,"column":21}},"81":{"start":{"line":117,"column":6},"end":{"line":119,"column":53}},"82":{"start":{"line":121,"column":6},"end":{"line":123,"column":9}},"83":{"start":{"line":122,"column":8},"end":{"line":122,"column":69}},"84":{"start":{"line":124,"column":6},"end":{"line":124,"column":21}},"85":{"start":{"line":129,"column":6},"end":{"line":131,"column":53}},"86":{"start":{"line":133,"column":6},"end":{"line":135,"column":9}},"87":{"start":{"line":134,"column":8},"end":{"line":134,"column":69}},"88":{"start":{"line":136,"column":6},"end":{"line":136,"column":21}},"89":{"start":{"line":141,"column":6},"end":{"line":143,"column":53}},"90":{"start":{"line":145,"column":6},"end":{"line":147,"column":9}},"91":{"start":{"line":146,"column":8},"end":{"line":146,"column":62}},"92":{"start":{"line":148,"column":6},"end":{"line":148,"column":21}},"93":{"start":{"line":156,"column":6},"end":{"line":156,"column":82}},"94":{"start":{"line":161,"column":6},"end":{"line":161,"column":78}},"95":{"start":{"line":166,"column":6},"end":{"line":169,"column":7}},"96":{"start":{"line":167,"column":8},"end":{"line":167,"column":27}},"97":{"start":{"line":168,"column":8},"end":{"line":168,"column":34}},"98":{"start":{"line":171,"column":6},"end":{"line":173,"column":53}},"99":{"start":{"line":175,"column":6},"end":{"line":175,"column":67}},"100":{"start":{"line":175,"column":46},"end":{"line":175,"column":67}},"101":{"start":{"line":176,"column":6},"end":{"line":176,"column":84}},"102":{"start":{"line":177,"column":6},"end":{"line":179,"column":9}},"103":{"start":{"line":178,"column":8},"end":{"line":178,"column":75}},"104":{"start":{"line":180,"column":6},"end":{"line":180,"column":21}},"105":{"start":{"line":185,"column":6},"end":{"line":185,"column":23}},"106":{"start":{"line":187,"column":6},"end":{"line":190,"column":7}},"107":{"start":{"line":188,"column":8},"end":{"line":188,"column":27}},"108":{"start":{"line":189,"column":8},"end":{"line":189,"column":34}},"109":{"start":{"line":192,"column":6},"end":{"line":194,"column":53}},"110":{"start":{"line":196,"column":6},"end":{"line":200,"column":9}},"111":{"start":{"line":197,"column":8},"end":{"line":199,"column":12}},"112":{"start":{"line":198,"column":10},"end":{"line":198,"column":68}},"113":{"start":{"line":201,"column":6},"end":{"line":201,"column":21}},"114":{"start":{"line":206,"column":6},"end":{"line":206,"column":24}},"115":{"start":{"line":208,"column":6},"end":{"line":211,"column":7}},"116":{"start":{"line":209,"column":8},"end":{"line":209,"column":27}},"117":{"start":{"line":210,"column":8},"end":{"line":210,"column":34}},"118":{"start":{"line":213,"column":6},"end":{"line":215,"column":53}},"119":{"start":{"line":217,"column":6},"end":{"line":225,"column":9}},"120":{"start":{"line":218,"column":8},"end":{"line":224,"column":22}},"121":{"start":{"line":219,"column":10},"end":{"line":223,"column":12}},"122":{"start":{"line":220,"column":12},"end":{"line":222,"column":15}},"123":{"start":{"line":221,"column":14},"end":{"line":221,"column":56}},"124":{"start":{"line":226,"column":6},"end":{"line":226,"column":21}},"125":{"start":{"line":234,"column":6},"end":{"line":234,"column":62}},"126":{"start":{"line":239,"column":6},"end":{"line":241,"column":53}},"127":{"start":{"line":243,"column":6},"end":{"line":245,"column":9}},"128":{"start":{"line":244,"column":8},"end":{"line":244,"column":69}},"129":{"start":{"line":246,"column":6},"end":{"line":246,"column":21}},"130":{"start":{"line":251,"column":6},"end":{"line":251,"column":24}},"131":{"start":{"line":253,"column":6},"end":{"line":255,"column":54}},"132":{"start":{"line":257,"column":6},"end":{"line":261,"column":9}},"133":{"start":{"line":258,"column":8},"end":{"line":260,"column":12}},"134":{"start":{"line":259,"column":10},"end":{"line":259,"column":41}},"135":{"start":{"line":262,"column":6},"end":{"line":262,"column":21}},"136":{"start":{"line":270,"column":6},"end":{"line":273,"column":7}},"137":{"start":{"line":271,"column":8},"end":{"line":271,"column":25}},"138":{"start":{"line":272,"column":8},"end":{"line":272,"column":32}},"139":{"start":{"line":274,"column":6},"end":{"line":277,"column":7}},"140":{"start":{"line":275,"column":8},"end":{"line":275,"column":20}},"141":{"start":{"line":276,"column":8},"end":{"line":276,"column":27}},"142":{"start":{"line":278,"column":6},"end":{"line":281,"column":7}},"143":{"start":{"line":279,"column":8},"end":{"line":279,"column":29}},"144":{"start":{"line":280,"column":8},"end":{"line":280,"column":27}},"145":{"start":{"line":282,"column":6},"end":{"line":284,"column":7}},"146":{"start":{"line":283,"column":8},"end":{"line":283,"column":45}},"147":{"start":{"line":286,"column":6},"end":{"line":288,"column":54}},"148":{"start":{"line":290,"column":6},"end":{"line":292,"column":9}},"149":{"start":{"line":291,"column":8},"end":{"line":291,"column":69}},"150":{"start":{"line":293,"column":6},"end":{"line":293,"column":21}},"151":{"start":{"line":298,"column":6},"end":{"line":298,"column":24}},"152":{"start":{"line":300,"column":6},"end":{"line":303,"column":7}},"153":{"start":{"line":301,"column":8},"end":{"line":301,"column":18}},"154":{"start":{"line":302,"column":8},"end":{"line":302,"column":25}},"155":{"start":{"line":304,"column":6},"end":{"line":307,"column":7}},"156":{"start":{"line":305,"column":8},"end":{"line":305,"column":22}},"157":{"start":{"line":306,"column":8},"end":{"line":306,"column":29}},"158":{"start":{"line":309,"column":6},"end":{"line":311,"column":54}},"159":{"start":{"line":313,"column":6},"end":{"line":317,"column":7}},"160":{"start":{"line":314,"column":8},"end":{"line":314,"column":35}},"161":{"start":{"line":314,"column":19},"end":{"line":314,"column":35}},"162":{"start":{"line":315,"column":8},"end":{"line":315,"column":35}},"163":{"start":{"line":316,"column":8},"end":{"line":316,"column":30}},"164":{"start":{"line":318,"column":6},"end":{"line":320,"column":7}},"165":{"start":{"line":319,"column":8},"end":{"line":319,"column":32}},"166":{"start":{"line":321,"column":6},"end":{"line":323,"column":9}},"167":{"start":{"line":322,"column":8},"end":{"line":322,"column":104}},"168":{"start":{"line":324,"column":6},"end":{"line":324,"column":21}},"169":{"start":{"line":332,"column":6},"end":{"line":334,"column":54}},"170":{"start":{"line":336,"column":6},"end":{"line":338,"column":9}},"171":{"start":{"line":337,"column":8},"end":{"line":337,"column":62}},"172":{"start":{"line":339,"column":6},"end":{"line":339,"column":21}},"173":{"start":{"line":344,"column":6},"end":{"line":346,"column":54}},"174":{"start":{"line":348,"column":6},"end":{"line":350,"column":9}},"175":{"start":{"line":349,"column":8},"end":{"line":349,"column":62}},"176":{"start":{"line":351,"column":6},"end":{"line":351,"column":21}},"177":{"start":{"line":356,"column":6},"end":{"line":359,"column":7}},"178":{"start":{"line":357,"column":8},"end":{"line":357,"column":19}},"179":{"start":{"line":358,"column":8},"end":{"line":358,"column":26}},"180":{"start":{"line":361,"column":6},"end":{"line":363,"column":54}},"181":{"start":{"line":365,"column":6},"end":{"line":367,"column":9}},"182":{"start":{"line":366,"column":8},"end":{"line":366,"column":62}},"183":{"start":{"line":368,"column":6},"end":{"line":368,"column":21}},"184":{"start":{"line":376,"column":6},"end":{"line":378,"column":54}},"185":{"start":{"line":380,"column":6},"end":{"line":382,"column":9}},"186":{"start":{"line":381,"column":8},"end":{"line":381,"column":62}},"187":{"start":{"line":383,"column":6},"end":{"line":383,"column":21}},"188":{"start":{"line":388,"column":6},"end":{"line":388,"column":24}},"189":{"start":{"line":390,"column":6},"end":{"line":393,"column":7}},"190":{"start":{"line":391,"column":8},"end":{"line":391,"column":18}},"191":{"start":{"line":392,"column":8},"end":{"line":392,"column":25}},"192":{"start":{"line":395,"column":6},"end":{"line":398,"column":81}},"193":{"start":{"line":400,"column":6},"end":{"line":402,"column":54}},"194":{"start":{"line":404,"column":6},"end":{"line":418,"column":9}},"195":{"start":{"line":409,"column":8},"end":{"line":417,"column":11}},"196":{"start":{"line":416,"column":10},"end":{"line":416,"column":64}},"197":{"start":{"line":419,"column":6},"end":{"line":419,"column":21}},"198":{"start":{"line":424,"column":6},"end":{"line":424,"column":24}},"199":{"start":{"line":426,"column":6},"end":{"line":429,"column":7}},"200":{"start":{"line":427,"column":8}
[...]
'/index/' + this._indexHandle(indexHandle), function (err, res) {","        return err ? callback(err) : callback(null, res.body);","      });","      return promise;","    }","  }, {","    key: 'createCapConstraint',","    value: function createCapConstraint(size, cb) {","      if (typeof size === 'number') {","        size = { size: size };","      }","","      var _connection$promisify28 = this._connection.promisify(cb),","          promise = _connection$promisify28.promise,","          callback = _connection$promisify28.callback;","","      this._api.post('/index', _extends({}, size, { type: 'cap' }), { collection: this.name }, function (err, res) {","        return err ? callback(err) : callback(null, res.body);","      });","      return promise;","    }","  }, {","    key: 'createHashIndex',","    value: function createHashIndex(fields, opts, cb) {","      if (typeof opts === 'function') {","        cb = opts;","        opts = undefined;","      }","      if (typeof fields === 'string') {","        fields = [fields];","      }","      if (typeof opts === 'boolean') {","        opts = { unique: opts };","      }","","      var _connection$promisify29 = this._connection.promisify(cb),","          promise = _connection$promisify29.promise,","          callback = _connection$promisify29.callback;","","      this._api.post('/index', _extends({ unique: false }, opts, { type: 'hash', fields: fields }), { collection: this.name }, function (err, res) {","        return err ? callback(err) : callback(null, res.body);","      });","      return promise;","    }","  }, {","    key: 'createSkipList',","    value: function createSkipList(fields, opts, cb) {","      if (typeof opts === 'function') {","        cb = opts;","        opts = undefined;","      }","      if (typeof fields === 'string') {","        fields = [fields];","      }","      if (typeof opts === 'boolean') {","        opts = { unique: opts };","      }","","      var _connection$promisify30 = this._connection.promisify(cb),","          promise = _connection$promisify30.promise,","          callback = _connection$promisify30.callback;","","      this._api.post('/index', _extends({ unique: false }, opts, { type: 'skiplist', fields: fields }), { collection: this.name }, function (err, res) {","        return err ? callback(err) : callback(null, res.body);","      });","      return promise;","    }","  }, {","    key: 'createPersistentIndex',","    value: function createPersistentIndex(fields, opts, cb) {","      if (typeof opts === 'function') {","        cb = opts;","        opts = undefined;","      }","      if (typeof fields === 'string') {","        fields = [fields];","      }","      if (typeof opts === 'boolean') {","        opts = { unique: opts };","      }","","      var _connection$promisify31 = this._connection.promisify(cb),","          promise = _connection$promisify31.promise,","          callback = _connection$promisify31.callback;","","      this._api.post('/index', _extends({ unique: false }, opts, { type: 'persistent', fields: fields }), { collection: this.name }, function (err, res) {","        return err ? callback(err) : callback(null, res.body);","      });","      return promise;","    }","  }, {","    key: 'createGeoIndex',","    value: function createGeoIndex(fields, opts, cb) {","      if (typeof opts === 'function') {","        cb = opts;","        opts = undefined;","      }","      if (typeof fields === 'string') {","        fields = [fields];","      }","","      var _connection$promisify32 = this._connection.promisify(cb),","          promise = _connection$promisify32.promise,","          callback = _connection$promisify32.callback;","","      this._api.post('/index', _extends({}, opts, { fields: fields, type: 'geo' }), { collection: this.name }, function (err, res) {","        return err ? callback(err) : callback(null, res.body);","      });","      return promise;","    }","  }, {","    key: 'createFulltextIndex',","    value: function createFulltextIndex(fields, minLength, cb) {","      if (typeof minLength === 'function') {","        cb = minLength;","        minLength = undefined;","      }","      if (typeof fields === 'string') {","        fields = [fields];","      }","      if (minLength) minLength = Number(minLength);","","      var _connection$promisify33 = this._connection.promisify(cb),","          promise = _connection$promisify33.promise,","          callback = _connection$promisify33.callback;","","      this._api.post('/index', { fields: fields, minLength: minLength, type: 'fulltext' }, { collection: this.name }, function (err, res) {","        return err ? callback(err) : callback(null, res.body);","      });","      return promise;","    }","  }, {","    key: 'fulltext',","    value: function fulltext(attribute, query, opts, cb) {","      var _this4 = this;","","      if (typeof opts === 'function') {","        cb = opts;","        opts = undefined;","      }","      if (!opts) opts = {};","      if (opts.index) opts.index = this._indexHandle(opts.index);","","      var _connection$promisify34 = this._connection.promisify(cb),","          promise = _connection$promisify34.promise,","          callback = _connection$promisify34.callback;","","      this._api.put('/simple/fulltext', _extends({}, opts, { attribute: attribute, query: query, collection: this.name }), function (err, res) {","        return err ? callback(err) : callback(null, new _cursor2.default(_this4._connection, res.body));","      });","      return promise;","    }","  }]);","","  return BaseCollection;","}();","","BaseCollection.prototype.isArangoCollection = true;","","var DocumentCollection = function (_BaseCollection) {","  _inherits(DocumentCollection, _BaseCollection);","","  function DocumentCollection() {","    var _ref;","","    _classCallCheck(this, DocumentCollection);","","    for (var _len = arguments.length, args = Array(_len), _key = 0; _key < _len; _key++) {","      args[_key] = arguments[_key];","    }","","    var _this5 = _possibleConstructorReturn(this, (_ref = DocumentCollection.__proto__ || Object.getPrototypeOf(DocumentCollection)).call.apply(_ref, [this].concat(args)));","","    _this5.type = types.DOCUMENT_COLLECTION;","    return _this5;","  }","","  _createClass(DocumentCollection, [{","    key: '_documentPath',","    value: function _documentPath(documentHandle) {","      return '/document/' + this._documentHandle(documentHandle);","    }","  }, {","    key: 'document',","    value: function document(documentHandle, cb) {","      var _connection$promisify35 = this._connection.promisify(cb),","          promise = _connection$promisify35.promise,","          callback = _connection$promisify35.callback;","","      this._api.get(this._documentPath(documentHandle), function (err, res) {","        return err ? callback(err) : callback(null, res.body);","      });","      return promise;","    }","  }, {","    key: 'save',","    value: function save(data, opts, cb) {","      if (typeof opts === 'function') {","        cb = opts;","        opts = undefined;","      }","      if (typeof opts === 'boolean') {","        opts = { returnNew: opts };","      }","","      var _connection$promisify36 = this._connection.promisify(cb),","          promise = _connection$promisify36.promise,","          callback = _connection$promisify36.callback;","","      if (this._connection.arangoMajor >= 3) {","        this._api.post('/document/' + this.name, data, opts, function (err, res) {","          return err ? callback(err) : callback(null, res.body);","        });","      } else {","        if (!opts) opts = {};","        opts.collection = this.name;","","        this._api.post('/document', data, opts, function (err, res) {","          return err ? callback(err) : callback(null, res.body);","        });","      }","      return promise;","    }","  }]);","","  return DocumentCollection;","}(BaseCollection);","","var EdgeCollection = function (_BaseCollection2) {","  _inherits(EdgeCollection, _BaseCollection2);","","  function EdgeCollection() {","    var _ref2;","","    _classCallCheck(this, EdgeCollection);","","    for (var _len2 = arguments.length, args = Array(_len2), _key2 = 0; _key2 < _len2; _key2++) {","      args[_key2] = arguments[_key2];","    }","","    var _this6 = _possibleConstructorReturn(this, (_ref2 = EdgeCollection.__proto__ || Object.getPrototypeOf(EdgeCollection)).call.apply(_ref2, [this].concat(args)));","","    _this6.type = types.EDGE_COLLECTION;","    return _this6;","  }","","  _createClass(EdgeCollection, [{","    key: '_documentPath',","    value: function _documentPath(documentHandle) {","      if (this._connection.arangoMajor < 3) {","        return 'edge/' + this._documentHandle(documentHandle);","      }","      return 'document/' + this._documentHandle(documentHandle);","    }","  }, {","    key: 'edge',","    value: function edge(documentHandle, cb) {","      var _connection$promisify37 = this._connection.promisify(cb),","          promise = _connection$promisify37.promise,","          callback = _connection$promisify37.callback;","","      this._api.get(this._documentPath(documentHandle), function (err, res) {","        return err ? callback(err) : callback(null, res.body);","      });","      return promise;","    }","  }, {","    key: 'save',","    value: function save(data, fromId, toId, cb) {","      if (typeof fromId === 'function') {","        cb = fromId;","        fromId = undefined;","      } else if (fromId) {","        data._from = this._documentHandle(fromId);","        data._to = this._documentHandle(toId);","      }","","      var _connection$promisify38 = this._connection.promisify(cb),","          promise = _connection$promisify38.promise,","          callback = _connection$promisify38.callback;","","      if (this._connection.arangoMajor < 3) {","        this._api.post('/edge', data, {","          collection: this.name,","          from: data._from,","          to: data._to","        }, function (err, res) {","          return err ? callback(err) : callback(null, res.body);","        });","      } else {","        this._api.post('/document', data, { collection: this.name }, function (err, res) {","          return err ? callback(err) : callback(null, res.body);","        });","      }","      return promise;","    }","  }, {","    key: '_edges',","    value: function _edges(documentHandle, direction, cb) {","      var _connection$promisify39 = this._connection.promisify(cb),","          promise = _connection$promisify39.promise,","          callback = _connection$promisify39.callback;","","      this._api.get('/edges/' + this.name, { direction: direction, vertex: this._documentHandle(documentHandle) }, function (err, res) {","        return err ? callback(err) : callback(null, res.body.edges);","      });","      return promise;","    }","  }, {","    key: 'edges',","    value: function edges(vertex, cb) {","      return this._edges(vertex, undefined, cb);","    }","  }, {","    key: 'inEdges',","    value: function inEdges(vertex, cb) {","      return this._edges(vertex, 'in', cb);","    }","  }, {","    key: 'outEdges',","    value: function outEdges(vertex, cb) {","      return this._edges(vertex, 'out', cb);","    }","  }, {","    key: 'traversal',","    value: function traversal(startVertex, opts, cb) {","      if (typeof opts === 'function') {","        cb = opts;","        opts = undefined;","      }","","      var _connection$promisify40 = this._connection.promisify(cb),","          promise = _connection$promisify40.promise,","          callback = _connection$promisify40.callback;","","      this._api.post('/traversal', _extends({}, opts, { startVertex: startVertex, edgeCollection: this.name }), function (err, res) {","        return err ? callback(err) : callback(null, res.body.result);","      });","      return promise;","    }","  }]);","","  return EdgeCollection;","}(BaseCollection);","","function construct(connection, body) {","  var Collection = body.type === types.EDGE_COLLECTION ? EdgeCollection : DocumentCollection;","  return new Collection(connection, body.name);","}","","exports.EdgeCollection = EdgeCollection;","exports.DocumentCollection = DocumentCollection;","exports._BaseCollection = BaseCollection;","exports._types = types;"],"l":{"3":1,"6":1,"8":1,"10":57,"12":1,"14":1,"16":1,"18":1,"20":1,"22":2,"24":1,"26":1,"31":1,"32":1,"33":0,"35":0,"36":0,"37":0,"38":0,"39":0,"40":0,"41":0,"42":0,"43":0,"47":1,"50":0,"51":0,"52":0,"54":0,"55":0,"57":0,"59":0,"60":0,"62":0,"67":0,"68":0,"69":0,"71":0,"73":0,"74":0,"76":0,"81":0,"82":0,"83":0,"86":0,"90":0,"91":0,"93":0,"98":0,"102":0,"103":0,"105":0,"110":0,"114":0,"115":0,"117":0,"122":0,"123":0,"124":0,"127":0,"131":0,"132":0,"134":0,"139":0,"144":0,"149":0,"154":0,"159":0,"164":0,"165":0,"166":0,"168":0,"173":0,"178":0,"183":0,"185":0,"189":0,"190":0,"191":0,"192":0,"193":0,"194":0,"197":0,"202":0,"207":0,"212":0,"213":0,"214":0,"217":0,"221":0,"222":0,"224":0,"229":0,"230":0,"231":0,"233":0,"234":0,"237":0,"241":0,"242":0,"243":0,"244":0,"246":0,"251":0,"252":0,"253":0,"255":0,"256":0,"259":0,"263":0,"264":0,"265":0,"266":0,"268":0,"273":0,"274":0,"275":0,"277":0,"278":0,"281":0,"285":0,"286":0,"288":0,"293":0,"294":0,"295":0,"297":0,"298":0,"301":0,"305":0,"306":0,"307":0,"308":0,"310":0,"315":0,"316":0,"317":0,"319":0,"321":0,"325":0,"326":0,"327":0,"330":0,"331":0,"334":0,"339":0,"341":0,"342":0,"343":0,"346":0,"350":0,"351":0,"353":0,"358":0,"362":0,"363":0,"365":0,"370":0,"371":0,"372":0,"374":0,"375":0,"378":0,"382":0,"383":0,"385":0,"390":0,"391":0,"392":0,"394":0,"395":0,"398":0,"402":0,"403":0,"405":0,"410":0,"412":0,"413":0,"414":0,"417":0,"421":0,"422":0,"424":0,"429":0,"433":0,"434":0,"436":0,"441":0,"442":0,"443":0,"446":0,"450":0,"451":0,"453":0,"458":0,"459":0,"460":0,"463":0,"467":0,"468":0,"470":0,"475":0,"476":0,"477":0,"480":0,"484":0,"485":0,"487":0,"492":0,"496":0,"497":0,"499":0,"504":0,"505":0,"506":0,"509":0,"513":0,"514":0,"516":0,"521":0,"522":0,"523":0,"526":0,"530":0,"537":0,"539":0,"544":0,"548":0,"549":0,"551":0,"556":0,"560":0,"561":0,"563":0,"568":0,"572":0,"573":0,"575":0,"580":0,"584":0,"585":0,"587":0,"592":0,"593":0,"596":0,"600":0,"601":0,"603":0,"608":0,"609":0,"610":0,"612":0,"613":0,"615":0,"616":0,"619":0,"623":0,"624":0,"626":0,"631":0,"632":0,"633":0,"635":0,"636":0,"638":0,"639":0,"642":0,"646":0,"647":0,"649":0,"654":0,"655":0,"656":0,"658":0,"659":0,"661":0,"662":0,"665":0,"669":0,"670":0,"672":0,"677":0,"678":0,"679":0,"681":0,"682":0,"685":0,"689":0,"690":0,"692":0,"697":0,"698":0,"699":0,"701":0,"702":0,"704":0,"706":0,"710":0,"711":0,"713":0,"718":0,"720":0,"721":0,"722":0,"724":0,"725":0,"727":0,"731":0,"732":0,"734":0,"738":1,"741":1,"743":1,"744":1,"746":1,"747":0,"749":0,"751":0,"752":0,"755":0,"757":0,"758":0,"761":1,"764":0,"769":0,"773":0,"774":0,"776":0,"781":0,"782":0,"783":0,"785":0,"786":0,"789":0,"793":0,"794":0,"795":0,"798":0,"799":0,"801":0,"802":0,"805":0,"809":1,"812":1,"813":1,"815":1,"816":0,"818":0,"820":0,"821":0,"824":0,"826":0,"827":0,"830":1,"833":0,"834":0,"836":0,"841":0,"845":0,"846":0,"848":0,"853":0,"854":0,"855":0,"856":0,"857":0,"858":0,"861":0,"865":0,"866":0,"871":0,"874":0,"875":0,"878":0,"883":0,"887":0,"888":0,"890":0,"895":0,"900":0,"905":0,"910":0,"911":0,"912":0,"915":0,"919":0,"920":0,"922":0,"926":1,"929":1,"930":0,"931":0,"934":1,"935":1,"936":1,"937":1}},"/home/travis/build/npmtest/node-npmtest-arangojs/node_modules/arangojs/lib/aql-query.js":{"path":"/home/travis/build/npmtest/node-npmtest-arangojs/node_modules/arangojs/lib/aql-query.js","s":{"1":1,"2":1,"3":1,"4":0,"5":0,"6":0,"7":0,"8":0,"9":0,"10":0,"11":0,"12":0,"13":0,"14":0,"15":0,"16":0,"17":0,"18":0,"19":0,"20":0,"21":0,"22":0,"23":0,"24":0,"25":0},"b":{"1":[0,0],"2":[0,0],"3":[0,0],"4":[0,0],"5":[0,0],"6":[0,0]},"f":{"1":0},"fnMap":{"1":{"name":"aql","line":7,"loc":{"start":{"line":7,"column":0},"end":{"line":7,"column":22}}}},"statementMap":{"1":{"start":{"line":3,"column":0},"end":{"line":5,"column":3}},"2":{"start":{"line":6,"column":0},"end":{"line":6,"column":22}},"3":{"start":{"line":7,"column":0},"end":{"line":37,"column":1}},"4":{"start":{"line":8,"column":2},"end":{"line":8,"column":20}},"5":{"start":{"line":9,"column":2},"end":{"line":9,"column":20}},"6":{"start":{"line":10,"column":2},"end":{"line":10,"column":25}},"7":{"start":{"line":12,"column":2},"end":{"line":14,"column":3}},"8":{"start":{"line":13,"column":4},"end":{"line":13,"column":37}},"9":{"start":{"line":16,"column":2},"end":{"line":35,"column":3}},"10":{"start":{"line":17,"column":4},"end":{"line":17,"column":27}},"11":{"start":{"line":18,"column":4},"end":{"line":18,"column":25}},"12":{"start":{"line":19,"column":4},"end":{"line":22,"column":5}},"13":{"start":{"line":20,"column":6},"end":{"line":20,"column":54}},"14":{"start":{"line":21,"column":6},"end":{"line":21,"column":15}},"15":{"start":{"line":23,"column":4},"end":{"line":23,"column":43}},"16":{"start":{"line":24,"column":4},"end":{"line":24,"column":31}},"17":{"start":{"line":25,"column":4},"end":{"line":25,"column":61}},"18":{"start":{"line":26,"column":4},"end":{"line":29,"column":5}},"19":{"start":{"line":27,"column":6},"end":{"line":27,"column":24}},"20":{"start":{"line":28,"column":6},"end":{"line":28,"column":28}},"21":{"start":{"line":30,"column":4},"end":{"line":33,"column":5}},"22":{"start":{"line":31,"column":6},"end":{"line":31,"column":30}},"23":{"start":{"line":32,"column":6},"end":{"line":32,"column":29}},"24":{"start":{"line":34,"column":4},"end":{"line":34,"column":41}},"25":{"start":{"line":36,"column":2},"end":{"line":36,"column":46}}},"branchMap":{"1":{"line":19,"type":"if","locations":[{"start":{"line":19,"column":4},"end":{"line":19,"column":4}},{"start":{"line":19,"column":4},"end":{"line":19,"column":4}}]},"2":{"line":19,"type":"binary-expr","locations":[{"start":{"line":19,"column":8},"end":{"line":19,"column":16}},{"start":{"line":19,"column":20},"end":{"line":19,"column":56}}]},"3":{"line":25,"type":"cond-expr","locations":[{"start":{"line":25,"column":36},"end":{"line":25,"column":41}},{"start":{"line":25,"column":44},"end":{"line":25,"column":59}}]},"4":{"line":26,"type":"if","locations":[{"start":{"line":26,"column":4},"end":{"line":26,"column":4}},{"start":{"line":26,"column":4},"end":{"line":26,"column":4}}]},"5":{"line":26,"type":"binary-expr","locations":[{"start":{"line":26,"column":8},"end":{"line":26,"column":16}},{"start":{"line":26,"column":20},"end":{"line":26,"column":47}}]},"6":{"line":30,"type":"if","locations":[{"start":{"line":30,"column":4},"end":{"line":30,"column":4}},{"start":{"line":30,"column":4},"end":{"line":30,"column":4}}]}},"code":["'use strict';","","Object.defineProperty(exports, \"__esModule\", {","  value: true","});","exports.default = aql;","function aql(strings) {","  var bindVars = {};","  var bindVals = [];","  var query = strings[0];","","  for (var _len = arguments.length, args = Array(_len > 1 ? _len - 1 : 0), _key = 1; _key < _len; _key++) {","    args[_key - 1] = arguments[_key];","  }","","  for (var i = 0; i < args.length; i++) {","    var rawValue = args[i];","    var value = rawValue;","    if (rawValue && typeof rawValue.toAQL === 'function') {","      query += '' + rawValue.toAQL() + strings[i + 1];","      continue;","    }","    var index = bindVals.indexOf(rawValue);","    var isKnown = index !== -1;","    var name = 'value' + (isKnown ? index : bindVals.length);","    if (rawValue && rawValue.isArangoCollection) {","      name = '@' + name;","      value = rawValue.name;","    }","    if (!isKnown) {","      bindVals.push(rawValue);","      bindVars[name] = value;","    }","    query += '@' + name + strings[i + 1];","  }","  return { query: query, bindVars: bindVars };","}"],"l":{"3":1,"6":1,"7":1,"8":0,"9":0,"10":0,"12":0,"13":0,"16":0,"17":0,"18":0,"19":0,"20":0,"21":0,"23":0,"24":0,"25":0,"26":0,"27":0,"28":0,"30":0,"31":0,"32":0,"34":0,"36":0}}}